== performance_model.instruction_count ==
start                   = 0
periodic-0              = 0
roi-begin               = 0
periodic-16000000000    = 60
periodic-32000000000    = 63
periodic-48000000000    = 63
periodic-64000000000    = 75
periodic-80000000000    = 75
periodic-96000000000    = 78
periodic-112000000000   = 78
periodic-128000000000   = 78
periodic-144000000000   = 19919
periodic-160000000000   = 51834
periodic-176000000000   = 88933
periodic-192000000000   = 129394
periodic-208000000000   = 174570
periodic-224000000000   = 223455
periodic-240000000000   = 274035
periodic-256000000000   = 326292
periodic-272000000000   = 380131
periodic-288000000000   = 436566
periodic-304000000000   = 492140
periodic-320000000000   = 548753
periodic-336000000000   = 608118
periodicins-1000001     = 657456
periodic-352000000000   = 666916
periodic-368000000000   = 725321
periodic-384000000000   = 783909
periodic-400000000000   = 841056
periodic-416000000000   = 899833
periodic-432000000000   = 957881
periodic-448000000000   = 976541
periodic-464000000000   = 1036391
periodic-480000000000   = 1043297
periodic-496000000000   = 1073819
periodic-512000000000   = 1141157
periodic-528000000000   = 1155766, 277
periodic-544000000000   = 1167787, 9542
periodic-560000000000   = 1194394, 27520
periodic-576000000000   = 1237517, 58418
periodic-592000000000   = 1294596, 102038
periodic-608000000000   = 1348106, 144355
periodic-624000000000   = 1401783, 181826
periodicins-2000006     = 1446868, 219952
periodic-640000000000   = 1451845, 224775
periodic-656000000000   = 1489569, 275062
periodic-672000000000   = 1489569, 325800
periodic-688000000000   = 1489569, 445777
periodic-704000000000   = 1489569, 573457
periodic-720000000000   = 1489569, 701137
periodic-736000000000   = 1489569, 828817
periodic-752000000000   = 1489569, 956497
periodic-768000000000   = 1489569, 1084177
periodicins-3000005     = 1489569, 1169956
periodic-784000000000   = 1489569, 1211860
periodic-800000000000   = 1489569, 1339540
periodic-816000000000   = 1489569, 1467220
periodic-832000000000   = 1489569, 1594900
periodic-848000000000   = 1489569, 1722580
periodic-864000000000   = 1489569, 1850260
periodic-880000000000   = 1489569, 1977940
periodic-896000000000   = 1489569, 2105620
periodicins-4000004     = 1489569, 2169955
periodic-912000000000   = 1489569, 2233300
periodic-928000000000   = 1489569, 2360980
periodic-944000000000   = 1489569, 2488663
periodic-960000000000   = 1489569, 2616343
periodic-976000000000   = 1489569, 2744023
periodic-992000000000   = 1489569, 2871703
periodic-1008000000000  = 1489569, 2999383
periodic-1024000000000  = 1489569, 3127063
periodicins-5000003     = 1489569, 3169954
periodic-1040000000000  = 1489569, 3254743
periodic-1056000000000  = 1489569, 3382423
periodic-1072000000000  = 1489569, 3510103
periodic-1088000000000  = 1489569, 3637783
periodic-1104000000000  = 1489569, 3765463
periodic-1120000000000  = 1489569, 3893146
periodic-1136000000000  = 1489569, 4020826
periodic-1152000000000  = 1489569, 4148506
periodicins-6000005     = 1489569, 4169956
periodic-1168000000000  = 1489569, 4276186
periodic-1184000000000  = 1489569, 4403866
periodic-1200000000000  = 1489569, 4531546
periodic-1216000000000  = 1489569, 4659226
periodic-1232000000000  = 1489569, 4786906
periodic-1248000000000  = 1489569, 4914586
periodic-1264000000000  = 1489569, 5042266
periodic-1280000000000  = 1489569, 5169949
periodicins-7000004     = 1489569, 5169955
periodic-1296000000000  = 1489569, 5297629
periodic-1312000000000  = 1489569, 5425309
periodic-1328000000000  = 1489569, 5552989
periodic-1344000000000  = 1489569, 5680669
periodic-1360000000000  = 1489569, 5808349
periodic-1376000000000  = 1489569, 5936029
periodic-1392000000000  = 1489569, 6063709
periodicins-8000003     = 1489569, 6169954
periodic-1408000000000  = 1489569, 6191389
periodic-1424000000000  = 1489569, 6319069
periodic-1440000000000  = 1489569, 6446752
periodic-1456000000000  = 1489569, 6574432
periodic-1472000000000  = 1489569, 6702112
periodic-1488000000000  = 1489569, 6829792
periodic-1504000000000  = 1489569, 6957472
periodic-1520000000000  = 1489569, 7085152
periodicins-9000005     = 1489569, 7169956
periodic-1536000000000  = 1489569, 7212832
periodic-1552000000000  = 1489569, 7340512
periodic-1568000000000  = 1489569, 7468192
periodic-1584000000000  = 1489569, 7595872
periodic-1600000000000  = 1489569, 7723552
periodic-1616000000000  = 1489569, 7851235
periodic-1632000000000  = 1510047, 7945997
periodicins-10000005    = 1614585, 8049932
periodic-1648000000000  = 1637727, 8073677
periodic-1664000000000  = 1765407, 8201357
periodic-1680000000000  = 1893087, 8329037
periodic-1696000000000  = 2020767, 8456717
periodicins-11000004    = 2114133, 8549930
periodic-1712000000000  = 2148447, 8584397
periodic-1728000000000  = 2276127, 8712077
periodic-1744000000000  = 2403807, 8839757
periodic-1760000000000  = 2531487, 8967437
periodicins-12000003    = 2614479, 9049931
periodic-1776000000000  = 2659170, 9095120
periodic-1792000000000  = 2786850, 9222800
periodic-1808000000000  = 2914530, 9350480
periodic-1824000000000  = 3042210, 9478160
periodicins-13000005    = 3114030, 9549932
periodic-1840000000000  = 3169890, 9605840
periodic-1856000000000  = 3297570, 9733520
periodic-1872000000000  = 3425250, 9861200
periodic-1888000000000  = 3552930, 9988880
periodicins-14000004    = 3614376, 10049930
periodic-1904000000000  = 3680610, 10116560
periodic-1920000000000  = 3808290, 10244240
periodic-1936000000000  = 3935970, 10371920
periodic-1952000000000  = 4063653, 10499603
periodicins-15000003    = 4114725, 10549931
periodic-1968000000000  = 4191333, 10627283
periodic-1984000000000  = 4319013, 10754963
periodic-2000000000000  = 4446693, 10882643
periodic-2016000000000  = 4574373, 11010323
periodicins-16000005    = 4614273, 11049932
periodic-2032000000000  = 4702053, 11138003
periodic-2048000000000  = 4829733, 11265683
periodic-2064000000000  = 4957413, 11393363
periodic-2080000000000  = 5085093, 11521043
periodicins-17000004    = 5114619, 11549930
periodic-2096000000000  = 5212773, 11648723
periodic-2112000000000  = 5340456, 11776406
periodic-2128000000000  = 5468136, 11904086
periodic-2144000000000  = 5595816, 12031766
periodicins-18000003    = 5614170, 12049931
periodic-2160000000000  = 5723496, 12159446
periodic-2176000000000  = 5851176, 12287126
periodic-2192000000000  = 5978856, 12414806
periodic-2208000000000  = 6106536, 12542486
periodicins-19000005    = 6114516, 12549932
periodic-2224000000000  = 6234216, 12670166
periodic-2240000000000  = 6361896, 12797846
periodic-2256000000000  = 6489576, 12925526
periodicins-20000004    = 6614064, 13049930
periodic-2272000000000  = 6617259, 13053209
periodic-2288000000000  = 6744939, 13180889
periodic-2304000000000  = 6872619, 13308569
periodic-2320000000000  = 7000299, 13436249
periodicins-21000003    = 7114413, 13549931
periodic-2336000000000  = 7127979, 13563929
periodic-2352000000000  = 7255659, 13691609
periodic-2368000000000  = 7383339, 13819289
periodic-2384000000000  = 7511019, 13946969
periodicins-22000005    = 7614759, 14049932
periodic-2400000000000  = 7638699, 14074649
periodic-2416000000000  = 7766379, 14202329
periodic-2432000000000  = 7894059, 14330009
periodic-2448000000000  = 8021742, 14457692
periodicins-23000004    = 8114310, 14549930
periodic-2464000000000  = 8149422, 14585372
periodic-2480000000000  = 8277102, 14713052
periodic-2496000000000  = 8404782, 14840732
periodic-2512000000000  = 8532462, 14968412
periodicins-24000003    = 8614656, 15049931
periodic-2528000000000  = 8660142, 15096092
periodic-2544000000000  = 8787822, 15223772
periodic-2560000000000  = 8915502, 15351452
periodic-2576000000000  = 9043182, 15479132
periodicins-25000005    = 9114204, 15549932
periodic-2592000000000  = 9170862, 15606812
periodic-2608000000000  = 9298545, 15734495
periodic-2624000000000  = 9422914, 15858776
periodic-2640000000000  = 9538030, 15980187
periodicins-26000003    = 9608254, 16049955
periodic-2656000000000  = 9665710, 16107867
periodic-2672000000000  = 9793390, 16235547
periodic-2688000000000  = 9921070, 16363227
periodic-2704000000000  = 10048750, 16490907
periodicins-27000005    = 10107802, 16549956
periodic-2720000000000  = 10176430, 16618587
periodic-2736000000000  = 10304110, 16746267
periodic-2752000000000  = 10431790, 16873947
periodic-2768000000000  = 10559470, 17001627
periodicins-28000004    = 10608151, 17049954
periodic-2784000000000  = 10687153, 17129310
periodic-2800000000000  = 10814833, 17256990
periodic-2816000000000  = 10942513, 17384670
periodic-2832000000000  = 11070193, 17512350
periodicins-29000003    = 11108497, 17549955
periodic-2848000000000  = 11197873, 17640030
periodic-2864000000000  = 11325553, 17767710
periodic-2880000000000  = 11453233, 17895390
periodic-2896000000000  = 11580913, 18023070
periodicins-30000005    = 11608045, 18049956
periodic-2912000000000  = 11708593, 18150750
periodic-2928000000000  = 11836273, 18278430
periodic-2944000000000  = 11963956, 18406113
periodic-2960000000000  = 12091636, 18533793
periodicins-31000004    = 12108394, 18549954
periodic-2976000000000  = 12219316, 18661473
periodic-2992000000000  = 12346996, 18789153
periodic-3008000000000  = 12474676, 18916833
periodic-3024000000000  = 12602356, 19044513
periodicins-32000003    = 12607942, 19049955
periodic-3040000000000  = 12730036, 19172193
periodic-3056000000000  = 12857716, 19299873
periodic-3072000000000  = 12985396, 19427553
periodicins-33000005    = 13108288, 19549956
periodic-3088000000000  = 13113076, 19555233
periodic-3104000000000  = 13240759, 19682916
periodic-3120000000000  = 13368439, 19810596
periodic-3136000000000  = 13496119, 19938276
periodicins-34000004    = 13607839, 20049954
periodic-3152000000000  = 13623799, 20065956
periodic-3168000000000  = 13751479, 20193636
periodic-3184000000000  = 13879159, 20321316
periodic-3200000000000  = 14006839, 20448996
periodicins-35000003    = 14108185, 20549955
periodic-3216000000000  = 14134519, 20576676
periodic-3232000000000  = 14262199, 20704356
periodic-3248000000000  = 14389879, 20832036
periodic-3264000000000  = 14517559, 20959716
periodicins-36000005    = 14608534, 21049956
periodic-3280000000000  = 14645242, 21087399
periodic-3296000000000  = 14772922, 21215079
periodic-3312000000000  = 14900602, 21342759
periodic-3328000000000  = 15028282, 21470439
periodicins-37000004    = 15108082, 21549954
periodic-3344000000000  = 15155962, 21598119
periodic-3360000000000  = 15283642, 21725799
periodic-3376000000000  = 15411322, 21853479
periodic-3392000000000  = 15539002, 21981159
periodicins-38000003    = 15608428, 22049955
periodic-3408000000000  = 15666682, 22108839
periodic-3424000000000  = 15794362, 22236519
periodic-3440000000000  = 15922045, 22364202
periodic-3456000000000  = 16049725, 22491882
periodicins-39000005    = 16107979, 22549956
periodic-3472000000000  = 16177405, 22619562
periodic-3488000000000  = 16305085, 22747242
periodic-3504000000000  = 16432765, 22874922
periodic-3520000000000  = 16560445, 23002602
periodicins-40000004    = 16608325, 23049954
periodic-3536000000000  = 16688125, 23130282
periodic-3552000000000  = 16815805, 23257962
periodic-3568000000000  = 16943485, 23385642
periodic-3584000000000  = 17071165, 23513322
periodicins-41000003    = 17107873, 23549955
periodic-3600000000000  = 17198845, 23641002
periodic-3616000000000  = 17326528, 23768685
periodic-3632000000000  = 17450432, 23895088
periodic-3648000000000  = 17578112, 24022768
periodicins-42000004    = 17607479, 24052294
periodic-3664000000000  = 17705792, 24150448
periodic-3680000000000  = 17833472, 24278128
periodic-3696000000000  = 17961152, 24405808
periodic-3712000000000  = 18088832, 24533488
periodicins-43000003    = 18107477, 24552640
periodic-3728000000000  = 18216512, 24661168
periodic-3744000000000  = 18344192, 24788848
periodic-3760000000000  = 18471872, 24916528
periodic-3776000000000  = 18599555, 25044211
periodicins-44000005    = 18607478, 25052191
periodic-3792000000000  = 18727235, 25171891
periodic-3808000000000  = 18854915, 25299571
periodic-3824000000000  = 18982595, 25427251
periodicins-45000004    = 19107479, 25552537
periodic-3840000000000  = 19110275, 25554931
periodic-3856000000000  = 19237955, 25682611
periodic-3872000000000  = 19365635, 25810291
periodic-3888000000000  = 19493315, 25937971
periodicins-46000003    = 19607477, 26052883
periodic-3904000000000  = 19620995, 26065651
periodic-3920000000000  = 19748675, 26193331
periodic-3936000000000  = 19876358, 26321014
periodic-3952000000000  = 20004038, 26448694
periodicins-47000005    = 20107478, 26552434
periodic-3968000000000  = 20131718, 26576374
periodic-3984000000000  = 20259398, 26704054
periodic-4000000000000  = 20387078, 26831734
periodic-4016000000000  = 20514758, 26959414
periodicins-48000004    = 20607479, 27052780
periodic-4032000000000  = 20642438, 27087094
periodic-4048000000000  = 20770118, 27214774
periodic-4064000000000  = 20897798, 27342454
periodic-4080000000000  = 21025478, 27470134
periodicins-49000003    = 21107477, 27552328
periodic-4096000000000  = 21153158, 27597814
periodic-4112000000000  = 21280841, 27725497
periodic-4128000000000  = 21408521, 27853177
periodic-4144000000000  = 21536201, 27980857
periodicins-50000005    = 21607478, 28052677
periodic-4160000000000  = 21663881, 28108537
periodic-4176000000000  = 21791561, 28236217
periodic-4192000000000  = 21919241, 28363897
periodic-4208000000000  = 22046921, 28491577
periodicins-51000004    = 22107479, 28552225
periodic-4224000000000  = 22174601, 28619257
periodic-4240000000000  = 22302281, 28746937
periodic-4256000000000  = 22429961, 28874617
periodic-4272000000000  = 22557644, 29002300
periodicins-52000003    = 22607477, 29052574
periodic-4288000000000  = 22685324, 29129980
periodic-4304000000000  = 22813004, 29257660
periodic-4320000000000  = 22940684, 29385340
periodic-4336000000000  = 23068364, 29513020
periodicins-53000005    = 23107478, 29552920
periodic-4352000000000  = 23196044, 29640700
periodic-4368000000000  = 23323724, 29768380
periodic-4384000000000  = 23451404, 29896060
periodic-4400000000000  = 23579084, 30023740
periodicins-54000004    = 23607479, 30052468
periodic-4416000000000  = 23706764, 30151420
periodic-4432000000000  = 23834444, 30279100
periodic-4448000000000  = 23962127, 30406783
periodic-4464000000000  = 24089807, 30534463
periodicins-55000003    = 24107477, 30552817
periodic-4480000000000  = 24217487, 30662143
periodic-4496000000000  = 24345167, 30789823
periodic-4512000000000  = 24472847, 30917503
periodic-4528000000000  = 24600527, 31045183
periodicins-56000005    = 24607478, 31052365
periodic-4544000000000  = 24728207, 31172863
periodic-4560000000000  = 24855887, 31300543
periodic-4576000000000  = 24983567, 31428223
periodicins-57000004    = 25107479, 31552711
periodic-4592000000000  = 25111247, 31555903
periodic-4608000000000  = 25238930, 31683586
periodic-4624000000000  = 25364511, 31808647
periodic-4640000000000  = 25405743, 31846824
periodic-4656000000000  = 25457342, 31897905
periodic-4672000000000  = 25509627, 31950918
periodic-4688000000000  = 25561670, 32004778
periodicins-58000016    = 25607451, 32052332
periodic-4704000000000  = 25613462, 32058863
periodic-4720000000000  = 25666015, 32113380
periodic-4736000000000  = 25717125, 32164980
periodic-4752000000000  = 25768880, 32215425
periodic-4768000000000  = 25822001, 32266689
periodic-4784000000000  = 25874319, 32316979
periodic-4800000000000  = 25925599, 32367583
periodic-4816000000000  = 25977234, 32417873
periodic-4832000000000  = 26028303, 32467287
periodic-4848000000000  = 26080772, 32517568
periodicins-59000031    = 26113951, 32549933
periodic-4864000000000  = 26134599, 32570802
periodic-4880000000000  = 26187182, 32621508
periodic-4896000000000  = 26243278, 32672294
periodic-4912000000000  = 26299523, 32722443
periodic-4928000000000  = 26355705, 32774139
periodic-4944000000000  = 26410696, 32825840
periodic-4960000000000  = 26463129, 32875602
periodic-4976000000000  = 26515938, 32926330
periodic-4992000000000  = 26568967, 32977187
periodic-5008000000000  = 26623052, 33029306
periodicins-60000018    = 26627442, 33034043
periodic-5024000000000  = 26676187, 33080020
periodic-5040000000000  = 26732429, 33131435
periodic-5056000000000  = 26788338, 33182323
periodic-5072000000000  = 26843561, 33233022
periodic-5088000000000  = 26897521, 33285066
periodic-5104000000000  = 26950700, 33336219
periodic-5120000000000  = 27003900, 33386577
periodic-5136000000000  = 27058411, 33438696
periodic-5152000000000  = 27114149, 33490143
periodicins-61000020    = 27145651, 33519901
periodic-5168000000000  = 27168807, 33541746
periodic-5184000000000  = 27226230, 33593055
periodic-5200000000000  = 27280766, 33642619
periodic-5216000000000  = 27334843, 33694122
periodic-5232000000000  = 27388035, 33745259
periodic-5248000000000  = 27441323, 33795092
periodic-5264000000000  = 27493610, 33845847
periodic-5280000000000  = 27545659, 33898038
periodic-5296000000000  = 27598896, 33948668
periodic-5312000000000  = 27653024, 34000547
periodicins-62000011    = 27657446, 34005363
periodic-5328000000000  = 27708408, 34050763
periodic-5344000000000  = 27765481, 34101452
periodic-5360000000000  = 27823356, 34151731
periodic-5376000000000  = 27878086, 34202602
periodic-5392000000000  = 27933889, 34253539
periodic-5408000000000  = 27987564, 34304901
periodic-5424000000000  = 28039843, 34355505
periodic-5440000000000  = 28091618, 34406304
periodic-5456000000000  = 28144315, 34457395
periodicins-63000028    = 28177437, 34487734
periodic-5472000000000  = 28197382, 34507431
periodic-5488000000000  = 28250454, 34557240
periodic-5504000000000  = 28302369, 34609095
periodic-5520000000000  = 28354411, 34659200
periodic-5536000000000  = 28405828, 34710379
periodic-5552000000000  = 28459163, 34762453
periodic-5568000000000  = 28513948, 34813001
periodic-5584000000000  = 28568302, 34869283
periodic-5600000000000  = 28622563, 34920749
periodic-5616000000000  = 28676318, 34971341
periodicins-64000039    = 28685831, 34979910
periodic-5632000000000  = 28730902, 35021047
periodic-5648000000000  = 28780854, 35072840
periodic-5664000000000  = 28831431, 35124866
periodic-5680000000000  = 28883443, 35176597
periodic-5696000000000  = 28934407, 35227803
periodic-5712000000000  = 28987224, 35279629
periodic-5728000000000  = 29040918, 35331561
periodic-5744000000000  = 29094638, 35383630
periodic-5760000000000  = 29146831, 35435310
periodicins-65000004    = 29187454, 35476742
periodic-5776000000000  = 29197035, 35486592
periodic-5792000000000  = 29250069, 35539781
periodic-5808000000000  = 29304320, 35592210
periodic-5824000000000  = 29358619, 35644680
periodic-5840000000000  = 29411374, 35695457
periodic-5856000000000  = 29464026, 35747309
periodic-5872000000000  = 29517110, 35798289
periodic-5888000000000  = 29571160, 35849177
periodic-5904000000000  = 29624717, 35901883
periodic-5920000000000  = 29678181, 35952478
periodicins-66000007    = 29696875, 35969922
periodic-5936000000000  = 29731904, 36002365
periodic-5952000000000  = 29785059, 36052358
periodic-5968000000000  = 29837970, 36102673
periodic-5984000000000  = 29892081, 36152335
periodic-6000000000000  = 29946983, 36203203
periodic-6016000000000  = 30003305, 36253458
periodic-6032000000000  = 30059482, 36304003
periodic-6048000000000  = 30115579, 36353669
periodic-6064000000000  = 30172363, 36403494
periodicins-67000026    = 30217432, 36444249
periodic-6080000000000  = 30228672, 36454030
periodic-6096000000000  = 30284396, 36504001
periodic-6112000000000  = 30338807, 36554213
periodic-6128000000000  = 30392932, 36605770
periodic-6144000000000  = 30447050, 36656594
periodic-6160000000000  = 30501797, 36706327
periodic-6176000000000  = 30555856, 36756890
periodic-6192000000000  = 30611040, 36806306
periodic-6208000000000  = 30665341, 36856173
periodic-6224000000000  = 30719890, 36906576
periodicins-68000007    = 30737453, 36924065
periodic-6240000000000  = 30773762, 36957831
periodic-6256000000000  = 30829603, 37009067
periodic-6272000000000  = 30885363, 37060392
periodic-6288000000000  = 30941445, 37111324
periodic-6304000000000  = 30996644, 37163142
periodic-6320000000000  = 31052460, 37215197
periodic-6336000000000  = 31108687, 37265363
periodic-6352000000000  = 31165423, 37316836
periodic-6368000000000  = 31220930, 37369379
periodicins-69000009    = 31257459, 37406175
periodic-6384000000000  = 31274197, 37422188
periodic-6400000000000  = 31328729, 37473921
periodic-6416000000000  = 31383046, 37526528
periodic-6432000000000  = 31438251, 37578477
periodic-6448000000000  = 31492273, 37630423
periodic-6464000000000  = 31546140, 37683141
periodic-6480000000000  = 31600992, 37735063
periodic-6496000000000  = 31652692, 37787711
periodic-6512000000000  = 31703051, 37839945
periodic-6528000000000  = 31754626, 37892026
periodicins-70000029    = 31762295, 37899909
periodic-6544000000000  = 31808246, 37944778
periodic-6560000000000  = 31863789, 37996535
periodic-6576000000000  = 31918697, 38050380
periodic-6592000000000  = 31973162, 38105184
periodic-6608000000000  = 32027634, 38156220
periodic-6624000000000  = 32084659, 38207347
periodic-6640000000000  = 32096378, 38258961
periodic-6656000000000  = 32096378, 38311358
periodic-6672000000000  = 32096378, 38362891
periodic-6688000000000  = 32096378, 38414624
periodic-6704000000000  = 32096378, 38466929
periodic-6720000000000  = 32096378, 38518645
periodicins-71000023    = 32096378, 38569914
periodic-6736000000000  = 32096378, 38570816
periodic-6752000000000  = 32096378, 38622134
periodic-6768000000000  = 32112110, 38663497
periodic-6784000000000  = 32180387, 38732504
periodic-6800000000000  = 32245852, 38798957
periodic-6816000000000  = 32310508, 38870880
periodic-6832000000000  = 32382532, 38943472
periodic-6848000000000  = 32458133, 38994660
periodicins-72000003    = 32563469, 39099954
periodic-6864000000000  = 32585813, 39122340
periodic-6880000000000  = 32713493, 39250020
periodic-6896000000000  = 32841173, 39377700
periodic-6912000000000  = 32968853, 39505380
periodicins-73000005    = 33063815, 39599955
periodic-6928000000000  = 33096533, 39633060
periodic-6944000000000  = 33224216, 39760743
periodic-6960000000000  = 33351896, 39888423
periodic-6976000000000  = 33479576, 40016103
periodicins-74000004    = 33564164, 40099956
periodic-6992000000000  = 33607256, 40143783
periodic-7008000000000  = 33734936, 40271463
periodic-7024000000000  = 33862616, 40399143
periodic-7040000000000  = 33990296, 40526823
periodicins-75000003    = 34063712, 40599954
periodic-7056000000000  = 34117976, 40654503
periodic-7072000000000  = 34245656, 40782183
periodic-7088000000000  = 34373336, 40909863
periodic-7104000000000  = 34501019, 41037546
periodicins-76000005    = 34564061, 41099955
periodic-7120000000000  = 34628699, 41165226
periodic-7136000000000  = 34756379, 41292906
periodic-7152000000000  = 34884059, 41420586
periodic-7168000000000  = 35011739, 41548266
periodicins-77000004    = 35063609, 41599956
periodic-7184000000000  = 35139419, 41675946
periodic-7200000000000  = 35267099, 41803626
periodic-7216000000000  = 35394779, 41931306
periodic-7232000000000  = 35522459, 42058986
periodicins-78000003    = 35563955, 42099954
periodic-7248000000000  = 35650139, 42186666
periodic-7264000000000  = 35777819, 42314346
periodic-7280000000000  = 35905502, 42442029
periodic-7296000000000  = 36033182, 42569709
periodicins-79000005    = 36063506, 42599955
periodic-7312000000000  = 36160862, 42697389
periodic-7328000000000  = 36288542, 42825069
periodic-7344000000000  = 36416222, 42952749
periodic-7360000000000  = 36543902, 43080429
periodicins-80000004    = 36563852, 43099956
periodic-7376000000000  = 36671582, 43208109
periodic-7392000000000  = 36799262, 43335789
periodic-7408000000000  = 36926942, 43463469
periodic-7424000000000  = 37054622, 43591149
periodicins-81000003    = 37064198, 43599954
periodic-7440000000000  = 37182305, 43718832
periodic-7456000000000  = 37309985, 43846512
periodic-7472000000000  = 37437665, 43974192
periodicins-82000005    = 37563749, 44099955
periodic-7488000000000  = 37565345, 44101872
periodic-7504000000000  = 37693025, 44229552
periodic-7520000000000  = 37820705, 44357232
periodic-7536000000000  = 37948385, 44484912
periodicins-83000004    = 38064095, 44599956
periodic-7552000000000  = 38076065, 44612592
periodic-7568000000000  = 38203745, 44740272
periodic-7584000000000  = 38331425, 44867952
periodic-7600000000000  = 38459108, 44995632
periodicins-84000003    = 38563646, 45099954
periodic-7616000000000  = 38586788, 45123315
periodic-7632000000000  = 38714468, 45250995
periodic-7648000000000  = 38842148, 45378675
periodic-7664000000000  = 38969828, 45506355
periodicins-85000005    = 39063992, 45599955
periodic-7680000000000  = 39097508, 45634035
periodic-7696000000000  = 39225188, 45761715
periodic-7712000000000  = 39352868, 45889395
periodic-7728000000000  = 39480548, 46017075
periodicins-86000004    = 39563540, 46099956
periodic-7744000000000  = 39608228, 46144755
periodic-7760000000000  = 39735908, 46272435
periodic-7776000000000  = 39863591, 46400118
periodic-7792000000000  = 39991271, 46527798
periodicins-87000003    = 40063889, 46599954
periodic-7808000000000  = 40118951, 46655478
periodic-7824000000000  = 40246631, 46783158
periodic-7840000000000  = 40374311, 46910838
periodic-7856000000000  = 40446604, 46970042
periodic-7872000000000  = 40498544, 47021001
periodic-7888000000000  = 40551045, 47073310
periodicins-88000018    = 40567478, 47090283
periodic-7904000000000  = 40603976, 47126574
periodic-7920000000000  = 40656289, 47178824
periodic-7936000000000  = 40709560, 47230778
periodic-7952000000000  = 40761437, 47282495
periodic-7968000000000  = 40812198, 47334271
periodic-7984000000000  = 40865701, 47386020
periodic-8000000000000  = 40918075, 47437547
periodic-8016000000000  = 40970285, 47486485
periodic-8032000000000  = 41021483, 47538038
periodicins-89000012    = 41072606, 47589948
periodic-8048000000000  = 41073518, 47590926
periodic-8064000000000  = 41126430, 47641918
periodic-8080000000000  = 41179339, 47692411
periodic-8096000000000  = 41232237, 47744516
periodic-8112000000000  = 41288161, 47796657
periodic-8128000000000  = 41344579, 47847751
periodic-8144000000000  = 41398856, 47898966
periodic-8160000000000  = 41452589, 47949441
periodic-8176000000000  = 41504657, 47999810
periodic-8192000000000  = 41557568, 48052123
periodicins-90000017    = 41586064, 48079941
periodic-8208000000000  = 41609933, 48103163
periodic-8224000000000  = 41663959, 48154675
periodic-8240000000000  = 41717619, 48205555
periodic-8256000000000  = 41772625, 48256577
periodic-8272000000000  = 41827638, 48308264
periodic-8288000000000  = 41882317, 48360345
periodic-8304000000000  = 41936432, 48411978
periodic-8320000000000  = 41990803, 48463352
periodic-8336000000000  = 42042969, 48514835
periodic-8352000000000  = 42096601, 48566138
periodicins-91000029    = 42097419, 48567290
periodic-8368000000000  = 42151088, 48617798
periodic-8384000000000  = 42204862, 48668181
periodic-8400000000000  = 42260725, 48719269
periodic-8416000000000  = 42313940, 48770661
periodic-8432000000000  = 42367521, 48820787
periodic-8448000000000  = 42420577, 48872042
periodic-8464000000000  = 42473710, 48924667
periodic-8480000000000  = 42526308, 48975391
periodic-8496000000000  = 42578018, 49027629
periodicins-92000027    = 42607474, 49055377
periodic-8512000000000  = 42631308, 49077162
periodic-8528000000000  = 42684648, 49127715
periodic-8544000000000  = 42738731, 49178680
periodic-8560000000000  = 42793767, 49230114
periodic-8576000000000  = 42849140, 49281835
periodic-8592000000000  = 42904206, 49332899
periodic-8608000000000  = 42958702, 49383530
periodic-8624000000000  = 43012568, 49435197
periodic-8640000000000  = 43065029, 49485576
periodic-8656000000000  = 43117594, 49536265
periodicins-93000038    = 43121139, 49539960
periodic-8672000000000  = 43169645, 49586988
periodic-8688000000000  = 43222505, 49637326
periodic-8704000000000  = 43275910, 49689006
periodic-8720000000000  = 43328196, 49741370
periodic-8736000000000  = 43380574, 49792958
periodic-8752000000000  = 43431719, 49844257
periodic-8768000000000  = 43483989, 49895756
periodic-8784000000000  = 43538306, 49946277
periodic-8800000000000  = 43593960, 49996450
periodicins-94000006    = 43629584, 50029923
periodic-8816000000000  = 43647959, 50048263
periodic-8832000000000  = 43702055, 50100529
periodic-8848000000000  = 43754700, 50156233
periodic-8864000000000  = 43803204, 50208247
periodic-8880000000000  = 43853522, 50261137
periodic-8896000000000  = 43904442, 50313154
periodic-8912000000000  = 43954993, 50363999
periodic-8928000000000  = 44005871, 50416409
periodic-8944000000000  = 44057662, 50468722
periodic-8960000000000  = 44109366, 50521204
periodicins-95000007    = 44127444, 50538706
periodic-8976000000000  = 44161622, 50572827
periodic-8992000000000  = 44215628, 50625373
periodic-9008000000000  = 44269155, 50676167
periodic-9024000000000  = 44319534, 50727495
periodic-9040000000000  = 44370285, 50780686
periodic-9056000000000  = 44422868, 50831655
periodic-9072000000000  = 44477690, 50881907
periodic-9088000000000  = 44531832, 50931715
periodic-9104000000000  = 44584631, 50982282
periodicins-96000008    = 44635066, 51029950
periodic-9120000000000  = 44637329, 51032313
periodic-9136000000000  = 44690194, 51082758
periodic-9152000000000  = 44744042, 51133782
periodic-9168000000000  = 44797953, 51184513
periodic-9184000000000  = 44851771, 51234552
periodic-9200000000000  = 44905712, 51284440
periodic-9216000000000  = 44958762, 51334941
periodic-9232000000000  = 45011856, 51385116
periodic-9248000000000  = 45065631, 51435607
periodic-9264000000000  = 45119519, 51487118
periodicins-97000017    = 45147458, 51512776
periodic-9280000000000  = 45174452, 51537657
periodic-9296000000000  = 45230196, 51587382
periodic-9312000000000  = 45285524, 51638057
periodic-9328000000000  = 45342147, 51687753
periodic-9344000000000  = 45399077, 51737568
periodic-9360000000000  = 45454085, 51788056
periodic-9376000000000  = 45508714, 51839491
periodic-9392000000000  = 45562973, 51890926
periodic-9408000000000  = 45617385, 51942303
periodicins-98000018    = 45668277, 51989969
periodic-9424000000000  = 45672099, 51993172
periodic-9440000000000  = 45726843, 52045565
periodic-9456000000000  = 45781606, 52096990
periodic-9472000000000  = 45835239, 52147619
periodic-9488000000000  = 45889930, 52199098
periodic-9504000000000  = 45943884, 52251628
periodic-9520000000000  = 46000664, 52305085
periodic-9536000000000  = 46055571, 52357407
periodic-9552000000000  = 46110633, 52409575
periodic-9568000000000  = 46165838, 52461977
periodicins-99000004    = 46185161, 52479959
periodic-9584000000000  = 46221543, 52513749
periodic-9600000000000  = 46277245, 52567393
periodic-9616000000000  = 46332222, 52618316
periodic-9632000000000  = 46386445, 52670543
periodic-9648000000000  = 46440659, 52722795
periodic-9664000000000  = 46494135, 52775173
periodic-9680000000000  = 46548899, 52827383
periodic-9696000000000  = 46603596, 52880016
periodic-9712000000000  = 46657135, 52932255
periodicins-100000040   = 46695343, 52970001
periodic-9728000000000  = 46711920, 52986749
periodic-9744000000000  = 46766423, 53038877
periodic-9760000000000  = 46816724, 53091699
periodic-9776000000000  = 46867362, 53143728
periodic-9792000000000  = 46919549, 53196051
periodic-9808000000000  = 46973589, 53248118
periodic-9824000000000  = 47028825, 53299890
periodic-9840000000000  = 47082821, 53351760
periodic-9856000000000  = 47137233, 53403545
periodic-9872000000000  = 47190108, 53459232
periodicins-101000026   = 47197455, 53467301
periodic-9888000000000  = 47246084, 53511988
periodic-9904000000000  = 47300833, 53522806
periodic-9920000000000  = 47356044, 53522806
periodic-9936000000000  = 47388408, 53539977
periodic-9952000000000  = 47457683, 53608805
periodic-9968000000000  = 47530812, 53681349
periodic-9984000000000  = 47599023, 53755458
periodic-10000000000000 = 47666724, 53819326
periodic-10016000000000 = 47738523, 53842235
periodicins-102000003   = 47777478, 53881337
periodic-10032000000000 = 47866203, 53969915
periodic-10048000000000 = 47993883, 54097595
periodic-10064000000000 = 48121563, 54225275
periodic-10080000000000 = 48249243, 54352955
periodicins-103000005   = 48277479, 54381683
periodic-10096000000000 = 48376923, 54480635
periodic-10112000000000 = 48504606, 54608318
periodic-10128000000000 = 48632286, 54735998
periodic-10144000000000 = 48759966, 54863678
periodicins-104000004   = 48777477, 54881234
periodic-10160000000000 = 48887646, 54991358
periodic-10176000000000 = 49015326, 55119038
periodic-10192000000000 = 49143006, 55246718
periodic-10208000000000 = 49270686, 55374398
periodicins-105000003   = 49277478, 55381580
periodic-10224000000000 = 49398366, 55502078
periodic-10240000000000 = 49526046, 55629758
periodic-10256000000000 = 49653726, 55757438
periodicins-106000005   = 49777479, 55881929
periodic-10272000000000 = 49781409, 55885121
periodic-10288000000000 = 49909089, 56012801
periodic-10304000000000 = 50036769, 56140481
periodic-10320000000000 = 50164449, 56268161
periodicins-107000004   = 50277477, 56381477
periodic-10336000000000 = 50292129, 56395841
periodic-10352000000000 = 50419809, 56523521
periodic-10368000000000 = 50547489, 56651201
periodic-10384000000000 = 50675169, 56778881
periodicins-108000003   = 50777478, 56881823
periodic-10400000000000 = 50802849, 56906561
periodic-10416000000000 = 50930529, 57034241
periodic-10432000000000 = 51058209, 57161921
periodic-10448000000000 = 51185892, 57289604
periodicins-109000005   = 51277479, 57381374
periodic-10464000000000 = 51313572, 57417284
periodic-10480000000000 = 51441252, 57544964
periodic-10496000000000 = 51568932, 57672644
periodic-10512000000000 = 51696612, 57800324
periodicins-110000004   = 51777477, 57881720
periodic-10528000000000 = 51824292, 57928004
periodic-10544000000000 = 51951972, 58055684
periodic-10560000000000 = 52079652, 58183364
periodic-10576000000000 = 52207332, 58311044
periodicins-111000003   = 52277478, 58381268
periodic-10592000000000 = 52335012, 58438724
periodic-10608000000000 = 52462695, 58566407
periodic-10624000000000 = 52590375, 58694087
periodic-10640000000000 = 52718055, 58821767
periodicins-112000005   = 52777479, 58881617
periodic-10656000000000 = 52845735, 58949447
periodic-10672000000000 = 52973415, 59077127
periodic-10688000000000 = 53101095, 59204807
periodic-10704000000000 = 53228775, 59332487
periodicins-113000004   = 53277477, 59381963
periodic-10720000000000 = 53356455, 59460167
periodic-10736000000000 = 53484135, 59587847
periodic-10752000000000 = 53611815, 59715527
periodic-10768000000000 = 53739495, 59843207
periodicins-114000003   = 53777478, 59881514
periodic-10784000000000 = 53867178, 59970890
periodic-10800000000000 = 53994858, 60098570
periodic-10816000000000 = 54122538, 60226250
periodic-10832000000000 = 54250218, 60353930
periodicins-115000005   = 54277479, 60381860
periodic-10848000000000 = 54377898, 60481610
periodic-10864000000000 = 54505578, 60609290
periodic-10880000000000 = 54633258, 60736970
periodic-10896000000000 = 54760938, 60864650
periodicins-116000004   = 54777477, 60881408
periodic-10912000000000 = 54888618, 60992330
periodic-10928000000000 = 55016298, 61120010
periodic-10944000000000 = 55143981, 61247693
periodic-10960000000000 = 55271661, 61375373
periodicins-117000003   = 55277478, 61381757
periodic-10976000000000 = 55381240, 61503053
periodic-10992000000000 = 55508682, 61630733
periodic-11008000000000 = 55636362, 61758413
periodic-11024000000000 = 55764042, 61877528
periodicins-118000002   = 55776810, 61889954
periodic-11040000000000 = 55891722, 62005208
periodic-11056000000000 = 56019402, 62132888
periodic-11072000000000 = 56147082, 62260568
periodic-11088000000000 = 56274762, 62388248
periodicins-119000004   = 56277156, 62389955
periodic-11104000000000 = 56402445, 62515931
periodic-11120000000000 = 56530125, 62643611
periodic-11136000000000 = 56657805, 62771291
periodicins-120000006   = 56776707, 62889956
periodic-11152000000000 = 56785485, 62898971
periodic-11168000000000 = 56913165, 63026651
periodic-11184000000000 = 57040845, 63154331
periodic-11200000000000 = 57168525, 63282011
periodicins-121000002   = 57277053, 63389954
periodic-11216000000000 = 57296205, 63409691
periodic-11232000000000 = 57423885, 63537371
periodic-11248000000000 = 57551565, 63665051
periodic-11264000000000 = 57679245, 63792731
periodicins-122000004   = 57776604, 63889955
periodic-11280000000000 = 57806928, 63920414
periodic-11296000000000 = 57934608, 64048094
periodic-11312000000000 = 58062288, 64175774
periodic-11328000000000 = 58189968, 64303454
periodicins-123000006   = 58276950, 64389956
periodic-11344000000000 = 58317648, 64431134
periodic-11360000000000 = 58445328, 64558814
periodic-11376000000000 = 58573008, 64686494
periodic-11392000000000 = 58700688, 64814174
periodicins-124000002   = 58776498, 64889954
periodic-11408000000000 = 58828368, 64941854
periodic-11424000000000 = 58956048, 65069534
periodic-11440000000000 = 59083731, 65197217
periodic-11456000000000 = 59211411, 65324897
periodicins-125000004   = 59276847, 65389955
periodic-11472000000000 = 59339091, 65452577
periodic-11488000000000 = 59466771, 65580257
periodic-11504000000000 = 59594451, 65707937
periodic-11520000000000 = 59722131, 65835617
periodicins-126000006   = 59777193, 65889956
periodic-11536000000000 = 59849811, 65963297
periodic-11552000000000 = 59977491, 66090977
periodic-11568000000000 = 60105171, 66218657
periodic-11584000000000 = 60232851, 66346337
periodicins-127000002   = 60276741, 66389954
periodic-11600000000000 = 60360531, 66474017
periodic-11616000000000 = 60488214, 66601700
periodic-11632000000000 = 60615894, 66729380
periodic-11648000000000 = 60743574, 66857060
periodicins-128000004   = 60777090, 66889955
periodic-11664000000000 = 60871254, 66984740
periodic-11680000000000 = 60998934, 67112420
periodic-11696000000000 = 61126614, 67240100
periodic-11712000000000 = 61254294, 67367780
periodicins-129000006   = 61276638, 67389956
periodic-11728000000000 = 61381974, 67495460
periodic-11744000000000 = 61509654, 67623140
periodic-11760000000000 = 61637334, 67750820
periodic-11776000000000 = 61765017, 67878503
periodicins-130000002   = 61776987, 67889954
periodic-11792000000000 = 61892697, 68006183
periodic-11808000000000 = 62020377, 68133863
periodic-11824000000000 = 62148057, 68261543
periodic-11840000000000 = 62275737, 68389223
periodicins-131000004   = 62276535, 68389955
periodic-11856000000000 = 62403417, 68516903
periodic-11872000000000 = 62531097, 68644583
periodic-11888000000000 = 62658777, 68772263
periodicins-132000006   = 62776881, 68889956
periodic-11904000000000 = 62786457, 68899943
periodic-11920000000000 = 62914137, 69027623
periodic-11936000000000 = 63041820, 69155306
periodic-11952000000000 = 63169500, 69282986
periodicins-133000002   = 63277230, 69389954
periodic-11968000000000 = 63297180, 69410666
periodic-11984000000000 = 63424845, 69538346
periodic-12000000000000 = 63552525, 69666026
periodic-12016000000000 = 63680205, 69790758
periodicins-134000002   = 63777468, 69888114
periodic-12032000000000 = 63807885, 69918438
periodic-12048000000000 = 63935565, 70046118
periodic-12064000000000 = 64063245, 70173798
periodic-12080000000000 = 64190925, 70301478
periodicins-135000004   = 64277469, 70388460
periodic-12096000000000 = 64318605, 70429158
periodic-12112000000000 = 64446288, 70556841
periodic-12128000000000 = 64573968, 70684521
periodic-12144000000000 = 64701648, 70812201
periodicins-136000006   = 64777470, 70888809
periodic-12160000000000 = 64829328, 70939881
periodic-12176000000000 = 64957008, 71067561
periodic-12192000000000 = 65084688, 71195241
periodic-12208000000000 = 65212368, 71322921
periodicins-137000002   = 65277468, 71388357
periodic-12224000000000 = 65340048, 71450601
periodic-12240000000000 = 65467728, 71578281
periodic-12256000000000 = 65595408, 71705961
periodic-12272000000000 = 65723091, 71833644
periodicins-138000004   = 65777469, 71888706
periodic-12288000000000 = 65850771, 71961324
periodic-12304000000000 = 65978451, 72089004
periodic-12320000000000 = 66106131, 72216684
periodic-12336000000000 = 66233811, 72344364
periodicins-139000006   = 66277470, 72388254
periodic-12352000000000 = 66361491, 72472044
periodic-12368000000000 = 66489171, 72599724
periodic-12384000000000 = 66616851, 72727404
periodic-12400000000000 = 66744531, 72855084
periodicins-140000002   = 66777468, 72888600
periodic-12416000000000 = 66872211, 72982764
periodic-12432000000000 = 66999891, 73110444
periodic-12448000000000 = 67127574, 73238127
periodic-12464000000000 = 67255254, 73365807
periodicins-141000004   = 67277469, 73388151
periodic-12480000000000 = 67382934, 73493487
periodic-12496000000000 = 67510614, 73621167
periodic-12512000000000 = 67638294, 73748847
periodic-12528000000000 = 67765974, 73876527
periodicins-142000006   = 67777470, 73888497
periodic-12544000000000 = 67893654, 74004207
periodic-12560000000000 = 68021334, 74131887
periodic-12576000000000 = 68149014, 74259567
periodic-12592000000000 = 68276694, 74387247
periodicins-143000002   = 68277468, 74388045
periodic-12608000000000 = 68404377, 74514930
periodic-12624000000000 = 68532057, 74642610
periodic-12640000000000 = 68659737, 74770290
periodicins-144000004   = 68777469, 74888394
periodic-12656000000000 = 68787417, 74897970
periodic-12672000000000 = 68915097, 75025650
periodic-12688000000000 = 69042777, 75153330
periodic-12704000000000 = 69170457, 75281010
periodicins-145000006   = 69277470, 75388740
periodic-12720000000000 = 69298137, 75408690
periodic-12736000000000 = 69425817, 75536370
periodic-12752000000000 = 69553497, 75664050
periodic-12768000000000 = 69681180, 75791733
periodicins-146000002   = 69777468, 75888291
periodic-12784000000000 = 69808860, 75919413
periodic-12800000000000 = 69936540, 76047093
periodic-12816000000000 = 70064220, 76174773
periodic-12832000000000 = 70191900, 76302453
periodicins-147000004   = 70277469, 76388637
periodic-12848000000000 = 70319580, 76430133
periodic-12864000000000 = 70447260, 76557813
periodic-12880000000000 = 70574940, 76685493
periodic-12896000000000 = 70702620, 76813173
periodicins-148000006   = 70777470, 76888185
periodic-12912000000000 = 70830300, 76940853
periodic-12928000000000 = 70957980, 77068533
periodic-12944000000000 = 71085663, 77196216
periodic-12960000000000 = 71213343, 77323896
periodicins-149000002   = 71277468, 77388534
periodic-12976000000000 = 71329080, 77435000
periodic-12992000000000 = 71381105, 77483318
periodic-13008000000000 = 71433285, 77533550
periodic-13024000000000 = 71486071, 77584499
periodic-13040000000000 = 71538466, 77638234
periodic-13056000000000 = 71591572, 77691524
periodic-13072000000000 = 71644023, 77744545
periodic-13088000000000 = 71694903, 77795435
periodic-13104000000000 = 71747838, 77847426
periodicins-150000052   = 71780518, 77879945
periodic-13120000000000 = 71800631, 77899074
periodic-13136000000000 = 71853075, 77951032
periodic-13152000000000 = 71904610, 78002766
periodic-13168000000000 = 71956016, 78052449
periodic-13184000000000 = 72008952, 78102771
periodic-13200000000000 = 72061947, 78155736
periodic-13216000000000 = 72114789, 78206967
periodic-13232000000000 = 72169702, 78257931
periodic-13248000000000 = 72225743, 78309455
periodic-13264000000000 = 72280760, 78361244
periodicins-151000031   = 72289932, 78369954
periodic-13280000000000 = 72334936, 78413044
periodic-13296000000000 = 72387730, 78463515
periodic-13312000000000 = 72440340, 78514065
periodic-13328000000000 = 72492342, 78564725
periodic-13344000000000 = 72545946, 78616829
periodic-13360000000000 = 72599938, 78667938
periodic-13376000000000 = 72654510, 78718706
periodic-13392000000000 = 72710229, 78770186
periodic-13408000000000 = 72764375, 78820690
periodicins-152000041   = 72806278, 78859950
periodic-13424000000000 = 72819308, 78872753
periodic-13440000000000 = 72872905, 78925226
periodic-13456000000000 = 72925301, 78976422
periodic-13472000000000 = 72978143, 79028797
periodic-13488000000000 = 73032942, 79080234
periodic-13504000000000 = 73086650, 79131400
periodic-13520000000000 = 73141418, 79183580
periodic-13536000000000 = 73196044, 79234207
periodic-13552000000000 = 73249349, 79284970
periodic-13568000000000 = 73303159, 79336005
periodicins-153000013   = 73317077, 79349923
periodic-13584000000000 = 73356480, 79386870
periodic-13600000000000 = 73409718, 79437750
periodic-13616000000000 = 73461239, 79489759
periodic-13632000000000 = 73514103, 79540988
periodic-13648000000000 = 73567980, 79593396
periodic-13664000000000 = 73621289, 79643633
periodic-13680000000000 = 73674913, 79694360
periodic-13696000000000 = 73729053, 79745047
periodic-13712000000000 = 73783689, 79795791
periodicins-154000016   = 73827470, 79837099
periodic-13728000000000 = 73838438, 79847516
periodic-13744000000000 = 73892778, 79899006
periodic-13760000000000 = 73947340, 79949878
periodic-13776000000000 = 74000176, 80000691
periodic-13792000000000 = 74052631, 80052408
periodic-13808000000000 = 74104914, 80103024
periodic-13824000000000 = 74157454, 80153914
periodic-13840000000000 = 74210692, 80204860
periodic-13856000000000 = 74263556, 80256527
periodic-13872000000000 = 74315849, 80308259
periodicins-155000005   = 74337316, 80329939
periodic-13888000000000 = 74367528, 80360267
periodic-13904000000000 = 74419232, 80410733
periodic-13920000000000 = 74471927, 80462613
periodic-13936000000000 = 74527152, 80513394
periodic-13952000000000 = 74582059, 80563829
periodic-13968000000000 = 74635787, 80614541
periodic-13984000000000 = 74685562, 80671787
periodic-14000000000000 = 74734747, 80724042
periodic-14016000000000 = 74785013, 80775532
periodic-14032000000000 = 74836000, 80828170
periodicins-156000041   = 74837329, 80829940
periodic-14048000000000 = 74886989, 80878663
periodic-14064000000000 = 74937308, 80931874
periodic-14080000000000 = 74988096, 80984695
periodic-14096000000000 = 75040191, 81036805
periodic-14112000000000 = 75091852, 81088911
periodic-14128000000000 = 75144188, 81140599
periodic-14144000000000 = 75198230, 81192900
periodic-14160000000000 = 75252407, 81243974
periodic-14176000000000 = 75302958, 81295953
periodicins-157000031   = 75335942, 81329942
periodic-14192000000000 = 75353673, 81348414
periodic-14208000000000 = 75405860, 81399301
periodic-14224000000000 = 75461187, 81448710
periodic-14240000000000 = 75514854, 81499018
periodic-14256000000000 = 75567800, 81548852
periodic-14272000000000 = 75620350, 81599490
periodic-14288000000000 = 75673138, 81649908
periodic-14304000000000 = 75727300, 81701233
periodic-14320000000000 = 75781066, 81751347
periodic-14336000000000 = 75834555, 81801590
periodicins-158000003   = 75847463, 81813922
periodic-14352000000000 = 75888597, 81851896
periodic-14368000000000 = 75941238, 81902159
periodic-14384000000000 = 75994757, 81952716
periodic-14400000000000 = 76047752, 82003289
periodic-14416000000000 = 76101885, 82054410
periodic-14432000000000 = 76157201, 82104767
periodic-14448000000000 = 76212336, 82154947
periodic-14464000000000 = 76268504, 82204178
periodic-14480000000000 = 76324548, 82254284
periodicins-159000010   = 76367443, 82294305
periodic-14496000000000 = 76379432, 82305174
periodic-14512000000000 = 76433320, 82355467
periodic-14528000000000 = 76487004, 82406786
periodic-14544000000000 = 76541872, 82458286
periodic-14560000000000 = 76596444, 82509349
periodic-14576000000000 = 76652630, 82560988
periodic-14592000000000 = 76706430, 82613360
periodic-14608000000000 = 76760866, 82664647
periodic-14624000000000 = 76815046, 82715716
periodic-14640000000000 = 76869452, 82767114
periodicins-160000008   = 76882809, 82779917
periodic-14656000000000 = 76925225, 82819959
periodic-14672000000000 = 76979908, 82873096
periodic-14688000000000 = 77035059, 82924875
periodic-14704000000000 = 77090513, 82976925
periodic-14720000000000 = 77145741, 83029653
periodic-14736000000000 = 77200075, 83081633
periodic-14752000000000 = 77254482, 83134411
periodic-14768000000000 = 77308690, 83186012
periodic-14784000000000 = 77362012, 83238224
periodicins-161000019   = 77395517, 83269921
periodic-14800000000000 = 77416645, 83290078
periodic-14816000000000 = 77471846, 83342430
periodic-14832000000000 = 77527264, 83394865
periodic-14848000000000 = 77581252, 83447344
periodic-14864000000000 = 77635858, 83500337
periodic-14880000000000 = 77690034, 83554871
periodic-14896000000000 = 77739536, 83607180
periodic-14912000000000 = 77790740, 83658780
periodic-14928000000000 = 77843387, 83711569
periodic-14944000000000 = 77897344, 83763900
periodicins-162000006   = 77897454, 83764244
periodic-14960000000000 = 77952985, 83816017
periodic-14976000000000 = 78006947, 83867472
periodic-14992000000000 = 78061054, 83919712
periodic-15008000000000 = 78117957, 83975525
periodic-15024000000000 = 78171814, 84015098
periodic-15040000000000 = 78226477, 84015098
periodic-15056000000000 = 78284792, 84015738
periodic-15072000000000 = 78353574, 84015738
periodic-15088000000000 = 78417758, 84015738
periodic-15104000000000 = 78480473, 84068470
periodicins-163000006   = 78537474, 84124018
periodic-15120000000000 = 78553889, 84140392
periodic-15136000000000 = 78592282, 84214394
periodic-15152000000000 = 78592282, 84285860
periodic-15168000000000 = 78658481, 84387217
periodic-15184000000000 = 78786161, 84514897
periodic-15200000000000 = 78913841, 84642577
periodicins-164000005   = 78967478, 84696841
periodic-15216000000000 = 79041521, 84770257
periodic-15232000000000 = 79169201, 84897937
periodic-15248000000000 = 79296881, 85025617
periodic-15264000000000 = 79424561, 85153297
periodicins-165000004   = 79467479, 85196392
periodic-15280000000000 = 79552244, 85280980
periodic-15296000000000 = 79679924, 85408660
periodic-15312000000000 = 79807604, 85536340
periodic-15328000000000 = 79935284, 85664020
periodicins-166000003   = 79967477, 85696738
periodic-15344000000000 = 80062964, 85791700
periodic-15360000000000 = 80190644, 85919380
periodic-15376000000000 = 80318324, 86047060
periodic-15392000000000 = 80446004, 86174740
periodicins-167000005   = 80467478, 86196286
periodic-15408000000000 = 80573684, 86302420
periodic-15424000000000 = 80701364, 86430100
periodic-15440000000000 = 80829047, 86557783
periodic-15456000000000 = 80956727, 86685463
periodicins-168000004   = 80967479, 86696635
periodic-15472000000000 = 81084407, 86813143
periodic-15488000000000 = 81212087, 86940823
periodic-15504000000000 = 81339767, 87068503
periodic-15520000000000 = 81467447, 87196183
periodicins-169000003   = 81467477, 87196981
periodic-15536000000000 = 81595127, 87323863
periodic-15552000000000 = 81722807, 87451543
periodic-15568000000000 = 81850487, 87579223
periodicins-170000005   = 81967478, 87696529
periodic-15584000000000 = 81978167, 87706903
periodic-15600000000000 = 82105850, 87834586
periodic-15616000000000 = 82233530, 87962266
periodic-15632000000000 = 82361210, 88089946
periodicins-171000004   = 82467479, 88196878
periodic-15648000000000 = 82488890, 88217626
periodic-15664000000000 = 82616570, 88345306
periodic-15680000000000 = 82744250, 88472986
periodic-15696000000000 = 82871930, 88600666
periodicins-172000003   = 82967477, 88696426
periodic-15712000000000 = 82999610, 88728346
periodic-15728000000000 = 83127290, 88856026
periodic-15744000000000 = 83254970, 88983706
periodic-15760000000000 = 83382650, 89111386
periodicins-173000005   = 83467478, 89196775
periodic-15776000000000 = 83510333, 89239069
periodic-15792000000000 = 83638013, 89366749
periodic-15808000000000 = 83765693, 89494429
periodic-15824000000000 = 83893373, 89622109
periodicins-174000004   = 83967479, 89696323
periodic-15840000000000 = 84021053, 89749789
periodic-15856000000000 = 84148733, 89877469
periodic-15872000000000 = 84276413, 90005149
periodic-15888000000000 = 84404093, 90132829
periodicins-175000003   = 84467477, 90196669
periodic-15904000000000 = 84531773, 90260509
periodic-15920000000000 = 84659453, 90388189
periodic-15936000000000 = 84787136, 90515872
periodic-15952000000000 = 84914816, 90643552
periodicins-176000005   = 84967478, 90696220
periodic-15968000000000 = 85042496, 90771232
periodic-15984000000000 = 85170176, 90898912
periodic-16000000000000 = 85297856, 91026592
periodic-16016000000000 = 85425536, 91154272
periodicins-177000004   = 85467479, 91196566
periodic-16032000000000 = 85553216, 91281952
periodic-16048000000000 = 85680896, 91409632
periodic-16064000000000 = 85808576, 91537312
periodic-16080000000000 = 85936256, 91664992
periodicins-178000003   = 85967477, 91696912
periodic-16096000000000 = 86063936, 91792672
periodic-16112000000000 = 86191619, 91920355
periodic-16128000000000 = 86319299, 92048035
periodic-16144000000000 = 86446979, 92159167
periodicins-179000002   = 86477477, 92189956
periodic-16160000000000 = 86564235, 92286847
periodic-16176000000000 = 86690639, 92414527
periodic-16192000000000 = 86818319, 92542207
periodic-16208000000000 = 86945999, 92669887
periodicins-180000004   = 86967479, 92691433
periodic-16224000000000 = 87073679, 92797567
periodic-16240000000000 = 87201359, 92925247
periodic-16256000000000 = 87329039, 93052927
periodic-16272000000000 = 87456722, 93180610
periodicins-181000003   = 87467477, 93191782
periodic-16288000000000 = 87584402, 93308290
periodic-16304000000000 = 87712082, 93435970
periodic-16320000000000 = 87839762, 93563650
periodic-16336000000000 = 87967442, 93691330
periodicins-182000005   = 87967478, 93692128
periodic-16352000000000 = 88095122, 93819010
periodic-16368000000000 = 88222802, 93946690
periodic-16384000000000 = 88350482, 94074370
periodicins-183000004   = 88467479, 94191676
periodic-16400000000000 = 88478162, 94202050
periodic-16416000000000 = 88605842, 94329730
periodic-16432000000000 = 88733525, 94457413
periodic-16448000000000 = 88861205, 94585093
periodicins-184000003   = 88967477, 94692025
periodic-16464000000000 = 88988885, 94712773
periodic-16480000000000 = 89116565, 94840453
periodic-16496000000000 = 89244245, 94968133
periodic-16512000000000 = 89371925, 95095813
periodicins-185000005   = 89467478, 95191573
periodic-16528000000000 = 89499605, 95223493
periodic-16544000000000 = 89627285, 95351173
periodic-16560000000000 = 89754965, 95478853
periodic-16576000000000 = 89882645, 95606533
periodicins-186000004   = 89967479, 95691919
periodic-16592000000000 = 90010325, 95734213
periodic-16608000000000 = 90138008, 95861896
periodic-16624000000000 = 90265688, 95989576
periodic-16640000000000 = 90393368, 96117256
periodicins-187000003   = 90467477, 96191470
periodic-16656000000000 = 90521048, 96244936
periodic-16672000000000 = 90648728, 96372616
periodic-16688000000000 = 90776408, 96500296
periodic-16704000000000 = 90904088, 96627976
periodicins-188000005   = 90967478, 96691816
periodic-16720000000000 = 91031768, 96755656
periodic-16736000000000 = 91159448, 96883336
periodic-16752000000000 = 91287128, 97011016
periodic-16768000000000 = 91414811, 97138699
periodicins-189000004   = 91467479, 97191367
periodic-16784000000000 = 91542491, 97266379
periodic-16800000000000 = 91670171, 97394059
periodic-16816000000000 = 91797851, 97521739
periodic-16832000000000 = 91925531, 97649419
periodicins-190000003   = 91967477, 97691713
periodic-16848000000000 = 92053211, 97777099
periodic-16864000000000 = 92180891, 97904779
periodic-16880000000000 = 92308571, 98032459
periodic-16896000000000 = 92436251, 98160139
periodicins-191000005   = 92467478, 98192059
periodic-16912000000000 = 92563931, 98287819
periodic-16928000000000 = 92691611, 98415499
periodic-16944000000000 = 92819294, 98543182
periodic-16960000000000 = 92946974, 98670862
periodicins-192000004   = 92967479, 98691610
periodic-16976000000000 = 93074654, 98798542
periodic-16992000000000 = 93202334, 98926222
periodic-17008000000000 = 93330014, 99053902
periodic-17024000000000 = 93457694, 99181582
periodicins-193000003   = 93467477, 99191956
periodic-17040000000000 = 93585374, 99309262
periodic-17056000000000 = 93713054, 99436942
periodic-17072000000000 = 93840734, 99564622
periodicins-194000005   = 93967478, 99691504
periodic-17088000000000 = 93968414, 99692302
periodic-17104000000000 = 94096097, 99819985
periodic-17120000000000 = 94223777, 99947665
periodic-17136000000000 = 94322704, 100039723
periodic-17152000000000 = 94374203, 100087971
periodic-17168000000000 = 94426542, 100140331
periodicins-195000018   = 94477010, 100189931
periodic-17184000000000 = 94479753, 100192548
periodic-17200000000000 = 94531303, 100244464
periodic-17216000000000 = 94584637, 100297133
periodic-17232000000000 = 94636462, 100349789
periodic-17248000000000 = 94687404, 100402201
periodic-17264000000000 = 94740777, 100455089
periodic-17280000000000 = 94793130, 100507627
periodic-17296000000000 = 94845522, 100558698
periodic-17312000000000 = 94896750, 100611071
periodic-17328000000000 = 94948491, 100663134
periodicins-196000028   = 94976500, 100689947
periodic-17344000000000 = 95001893, 100715028
periodic-17360000000000 = 95055004, 100766986
periodic-17376000000000 = 95108622, 100817057
periodic-17392000000000 = 95163783, 100867276
periodic-17408000000000 = 95219677, 100917484
periodic-17424000000000 = 95273494, 100967647
periodic-17440000000000 = 95326704, 101018240
periodic-17456000000000 = 95379757, 101068816
periodic-17472000000000 = 95432239, 101119800
periodic-17488000000000 = 95484844, 101170397
periodicins-197000027   = 95487475, 101173405
periodic-17504000000000 = 95538644, 101220127
periodic-17520000000000 = 95592309, 101270865
periodic-17536000000000 = 95647782, 101320726
periodic-17552000000000 = 95703390, 101370638
periodic-17568000000000 = 95758574, 101422502
periodic-17584000000000 = 95812997, 101473634
periodic-17600000000000 = 95867249, 101522863
periodic-17616000000000 = 95919882, 101573554
periodic-17632000000000 = 95972731, 101623977
periodicins-198000006   = 96007437, 101655095
periodic-17648000000000 = 96028707, 101673514
periodic-17664000000000 = 96082940, 101724964
periodic-17680000000000 = 96139126, 101774920
periodic-17696000000000 = 96194584, 101825812
periodic-17712000000000 = 96248195, 101878111
periodic-17728000000000 = 96302293, 101929197
periodic-17744000000000 = 96356627, 101980579
periodic-17760000000000 = 96409880, 102032957
periodic-17776000000000 = 96461483, 102084337
periodic-17792000000000 = 96514030, 102134974
periodicins-199000009   = 96519479, 102139914
periodic-17808000000000 = 96568518, 102186898
periodic-17824000000000 = 96623475, 102239429
periodic-17840000000000 = 96677745, 102292877
periodic-17856000000000 = 96733279, 102344456
periodic-17872000000000 = 96789020, 102397815
periodic-17888000000000 = 96845832, 102450044
periodic-17904000000000 = 96901856, 102502692
periodic-17920000000000 = 96956993, 102554128
periodic-17936000000000 = 97009946, 102606133
periodicins-200000014   = 97032800, 102629935
periodic-17952000000000 = 97062268, 102658796
periodic-17968000000000 = 97114019, 102710413
periodic-17984000000000 = 97167055, 102762696
periodic-18000000000000 = 97219949, 102814908
periodic-18016000000000 = 97272618, 102867043
periodic-18032000000000 = 97324465, 102919262
periodic-18048000000000 = 97376490, 102973135
periodic-18064000000000 = 97428111, 103024243
periodic-18080000000000 = 97481075, 103075857
periodic-18096000000000 = 97535675, 103128351
periodicins-201000015   = 97537425, 103129909
periodic-18112000000000 = 97590808, 103180452
periodic-18128000000000 = 97644390, 103232365
periodic-18144000000000 = 97698813, 103285959
periodic-18160000000000 = 97757122, 103339402
periodic-18176000000000 = 97805675, 103391338
periodic-18192000000000 = 97855958, 103444185
periodic-18208000000000 = 97906061, 103497554
periodic-18224000000000 = 97957849, 103552174
periodic-18240000000000 = 98006926, 103604489
periodicins-202000018   = 98033310, 103629910
periodic-18256000000000 = 98058420, 103655907
periodic-18272000000000 = 98110164, 103707603
periodic-18288000000000 = 98160979, 103759468
periodic-18304000000000 = 98213600, 103810707
periodic-18320000000000 = 98266604, 103861828
periodic-18336000000000 = 98321637, 103910663
periodic-18352000000000 = 98372340, 103962477
periodic-18368000000000 = 98423026, 104015045
periodic-18384000000000 = 98475677, 104065892
periodic-18400000000000 = 98529860, 104116624
periodicins-203000007   = 98537467, 104123482
periodic-18416000000000 = 98584048, 104168015
periodic-18432000000000 = 98636763, 104219717
periodic-18448000000000 = 98688796, 104271142
periodic-18464000000000 = 98741685, 104321599
periodic-18480000000000 = 98796360, 104372769
periodic-18496000000000 = 98850464, 104423704
periodic-18512000000000 = 98903482, 104475566
periodic-18528000000000 = 98957585, 104526520
periodic-18544000000000 = 99011615, 104577351
periodicins-204000032   = 99047481, 104612455
periodic-18560000000000 = 99064506, 104628139
periodic-18576000000000 = 99119191, 104679638
periodic-18592000000000 = 99173546, 104731603
periodic-18608000000000 = 99230171, 104783266
periodic-18624000000000 = 99285902, 104834373
periodic-18640000000000 = 99342491, 104885785
periodic-18656000000000 = 99399589, 104937322
periodic-18672000000000 = 99455481, 104989418
periodic-18688000000000 = 99509234, 105040241
periodic-18704000000000 = 99563140, 105090318
periodicins-205000025   = 99567465, 105094308
periodic-18720000000000 = 99618922, 105141900
periodic-18736000000000 = 99673420, 105193033
periodic-18752000000000 = 99729830, 105243393
periodic-18768000000000 = 99784445, 105294606
periodic-18784000000000 = 99838969, 105346537
periodic-18800000000000 = 99892350, 105398059
periodic-18816000000000 = 99948069, 105449857
periodic-18832000000000 = 100003593, 105499509
periodic-18848000000000 = 100059098, 105550040
periodicins-206000015   = 100087460, 105575183
periodic-18864000000000 = 100114581, 105600715
periodic-18880000000000 = 100170776, 105651501
periodic-18896000000000 = 100226638, 105702924
periodic-18912000000000 = 100281556, 105754116
periodic-18928000000000 = 100336845, 105805160
periodic-18944000000000 = 100390683, 105856279
periodic-18960000000000 = 100444640, 105906748
periodic-18976000000000 = 100499779, 105957850
periodic-18992000000000 = 100554278, 106008534
periodicins-207000031   = 100607488, 106057511
periodic-19008000000000 = 100609322, 106059406
periodic-19024000000000 = 100663094, 106110771
periodic-19040000000000 = 100717567, 106163014
periodic-19056000000000 = 100768354, 106213984
periodic-19072000000000 = 100819224, 106265935
periodic-19088000000000 = 100870290, 106317024
periodic-19104000000000 = 100923458, 106367362
periodic-19120000000000 = 100978590, 106417557
periodic-19136000000000 = 101033968, 106469150
periodic-19152000000000 = 101087748, 106522314
periodicins-208000031   = 101115046, 106549944
periodic-19168000000000 = 101142353, 106576134
periodic-19184000000000 = 101194968, 106622934
roi-end                 = 101197775, 106623483
stop                    = 101197775, 106623483
