barrier.global_time = 23900000000, 0
barrier.global_time_begin = 18128500000000, 0
barrier.global_time_end = 18152400000000, 0
branch_predictor.num-correct = 5845, 4353
branch_predictor.num-incorrect = 265, 204
bus-queue.no-free-slots = 0, 0
bus-queue.num-barriers = 0, 0
bus-queue.num-requests = 0, 0
bus-queue.requests-out-of-order = 0, 0
bus-queue.requests-simultaneous = 0, 0
bus-queue.total-barrier-delay = 0, 0
bus-queue.total-delay = 0, 0
core.bbv-0 = 2345875806, 1836623647
core.bbv-1 = 2030585225, 1588267996
core.bbv-10 = 2374225459, 1869446058
core.bbv-11 = 2178185686, 1669738287
core.bbv-12 = 2092963120, 1664168161
core.bbv-13 = 2527370135, 2052595330
core.bbv-14 = 1918575102, 1444613155
core.bbv-15 = 2528946277, 2005662148
core.bbv-2 = 1673023924, 1294823577
core.bbv-3 = 2446155231, 1880741206
core.bbv-4 = 2060305545, 1578362584
core.bbv-5 = 2117375192, 1631557969
core.bbv-6 = 2280940839, 1763593162
core.bbv-7 = 2357605750, 1841430083
core.bbv-8 = 2249881325, 1660163232
core.bbv-9 = 2400920208, 1940572197
core.instructions = 65015, 50577
core.spin_elapsed_time = 0, 0
core.spin_instructions = 0, 0
core.spin_loops = 0, 0
corefreq = 2660000000.0, 2660000000.0
directory.entries-allocated = 1104, 0
directory.evict-E = 0, 0
directory.evict-M = 0, 0
directory.evict-O = 0, 0
directory.evict-S = 0, 0
directory.forward = 0, 0
directory.forward-failed = 0, 0
dram-queue.num-requests = 70, 0
dram-queue.num-requests-analytical = 0, 0
dram-queue.total-queue-delay = 125352535, 0
dram-queue.total-time-used = 590049320, 0
dram.reads = 70, 0
dram.total-access-latency = 3865401855, 0
dram.total-queueing-delay = 125352535, 0
dram.writes = 0, 0
dtlb.access = 34919, 27821
dtlb.miss = 42, 15
dtlb_cache.access-mru-0 = 33159, 26896
dtlb_cache.access-mru-1 = 1512, 773
dtlb_cache.access-mru-2 = 132, 93
dtlb_cache.access-mru-3 = 74, 44
fastforward_performance_model.fastforwarded_time = 0, 0
fastforward_timer.cpiBase = 0, 0
fastforward_timer.cpiBranchPredictor = 0, 0
fastforward_timer.cpiDataCachecache-remote = 0, 0
fastforward_timer.cpiDataCachedram = 0, 0
fastforward_timer.cpiDataCachedram-cache = 0, 0
fastforward_timer.cpiDataCachedram-local = 0, 0
fastforward_timer.cpiDataCachedram-remote = 0, 0
fastforward_timer.cpiDataCacheL1 = 0, 0
fastforward_timer.cpiDataCacheL1_S = 0, 0
fastforward_timer.cpiDataCacheL1I = 0, 0
fastforward_timer.cpiDataCacheL2 = 0, 0
fastforward_timer.cpiDataCacheL2_S = 0, 0
fastforward_timer.cpiDataCacheL3 = 0, 0
fastforward_timer.cpiDataCacheL3_S = 0, 0
fastforward_timer.cpiDataCacheL4 = 0, 0
fastforward_timer.cpiDataCacheL4_S = 0, 0
fastforward_timer.cpiDataCachemiss = 0, 0
fastforward_timer.cpiDataCachenuca-cache = 0, 0
fastforward_timer.cpiDataCachepredicate-false = 0, 0
fastforward_timer.cpiDataCacheprefetch-no-mapping = 0, 0
fastforward_timer.cpiDataCacheunknown = 0, 0
fs_to_cycles = 2.66e-06
fs_to_cycles_cores = 2.66e-06, 2.66e-06
futex.futex_cmp_requeue_count = 0, 0, 1, 0
futex.futex_cmp_requeue_delay = 0, 0
futex.futex_cmp_requeue_pi_count = 0, 0
futex.futex_cmp_requeue_pi_delay = 0, 0
futex.futex_fd_count = 0, 0
futex.futex_fd_delay = 0, 0
futex.futex_lock_pi_count = 0, 0
futex.futex_lock_pi_delay = 0, 0
futex.futex_requeue_count = 0, 0
futex.futex_requeue_delay = 0, 0
futex.futex_trylock_pi_count = 0, 0
futex.futex_trylock_pi_delay = 0, 0
futex.futex_unlock_pi_count = 0, 0
futex.futex_unlock_pi_delay = 0, 0
futex.futex_wait_bitset_count = 0, 0
futex.futex_wait_bitset_delay = 0, 0
futex.futex_wait_count = 2, 1, 0, 1
futex.futex_wait_delay = 35890900850, 26864976879, 0, 8174043937
futex.futex_wait_requeue_pi_count = 0, 0
futex.futex_wait_requeue_pi_delay = 0, 0
futex.futex_wake_bitset_count = 0, 0
futex.futex_wake_bitset_delay = 0, 0
futex.futex_wake_count = 1, 2, 1, 2
futex.futex_wake_delay = 1000000000, 1000000000, 0, 1000000000
futex.futex_wake_op_count = 0, 0
futex.futex_wake_op_delay = 0, 0
global.time = 23900000000
global.time_begin = 18128500000000
global.time_end = 18152400000000
ipc = 1.02324849781, 0.795718375436
itlb.access = 7666, 6005
itlb.miss = 1, 6
itlb_cache.access-mru-0 = 7637, 5980
itlb_cache.access-mru-1 = 21, 15
itlb_cache.access-mru-2 = 3, 0
itlb_cache.access-mru-3 = 4, 4
L1-D.access-mru-0 = 29176, 25948
L1-D.access-mru-1 = 3910, 415
L1-D.access-mru-2 = 269, 93
L1-D.access-mru-3 = 194, 179
L1-D.access-mru-4 = 207, 180
L1-D.access-mru-5 = 131, 207
L1-D.access-mru-6 = 59, 90
L1-D.access-mru-7 = 28, 31
L1-D.backinval-E = 0, 0
L1-D.backinval-I = 0, 0
L1-D.backinval-M = 0, 0
L1-D.backinval-O = 0, 0
L1-D.backinval-S = 0, 0
L1-D.backinval-u = 0, 0
L1-D.coherency-downgrades = 32, 14
L1-D.coherency-invalidates = 0, 0
L1-D.coherency-upgrades = 0, 0
L1-D.coherency-writebacks = 7, 27
L1-D.evict-E = 2, 0
L1-D.evict-I = 0, 0
L1-D.evict-M = 669, 472
L1-D.evict-O = 0, 0
L1-D.evict-prefetch = 0, 0
L1-D.evict-S = 185, 141
L1-D.evict-u = 0, 0
L1-D.evict-warmup = 0, 0
L1-D.hits-prefetch = 0, 0
L1-D.hits-warmup = 0, 0
L1-D.invalidate-prefetch = 0, 0
L1-D.invalidate-warmup = 0, 0
L1-D.load-misses = 850, 624
L1-D.load-misses-E = 0, 0
L1-D.load-misses-I = 850, 624
L1-D.load-misses-M = 0, 0
L1-D.load-misses-O = 0, 0
L1-D.load-misses-S = 0, 0
L1-D.load-misses-u = 0, 0
L1-D.load-overlapping-misses = 1500, 1124
L1-D.loads = 22825, 18201
L1-D.loads-E = 856, 19
L1-D.loads-I = 850, 624
L1-D.loads-M = 17196, 15600
L1-D.loads-O = 0, 0
L1-D.loads-prefetch = 0, 0
L1-D.loads-S = 3923, 1958
L1-D.loads-u = 0, 0
L1-D.loads-where-cache-remote = 0, 0
L1-D.loads-where-dram = 0, 0
L1-D.loads-where-dram-cache = 0, 0
L1-D.loads-where-dram-local = 35, 2
L1-D.loads-where-dram-remote = 0, 0
L1-D.loads-where-L1 = 21975, 17577
L1-D.loads-where-L1_S = 0, 0
L1-D.loads-where-L1I = 0, 0
L1-D.loads-where-L2 = 732, 572
L1-D.loads-where-L2_S = 0, 0
L1-D.loads-where-L3 = 57, 11
L1-D.loads-where-L3_S = 26, 39
L1-D.loads-where-L4 = 0, 0
L1-D.loads-where-L4_S = 0, 0
L1-D.loads-where-miss = 0, 0
L1-D.loads-where-nuca-cache = 0, 0
L1-D.loads-where-predicate-false = 0, 0
L1-D.loads-where-prefetch-no-mapping = 0, 0
L1-D.loads-where-unknown = 0, 0
L1-D.mshr-latency = 0, 0
L1-D.mshr.no-free-slots = 0, 0
L1-D.mshr.num-barriers = 0, 0
L1-D.mshr.num-requests = 945, 678
L1-D.mshr.requests-out-of-order = 5, 1
L1-D.mshr.requests-simultaneous = 6, 3
L1-D.mshr.total-barrier-delay = 0, 0
L1-D.mshr.total-delay = 0, 0
L1-D.next_read.no-free-slots = 0, 0
L1-D.next_read.num-barriers = 0, 0
L1-D.next_read.num-requests = 0, 0
L1-D.next_read.requests-out-of-order = 0, 0
L1-D.next_read.requests-simultaneous = 0, 0
L1-D.next_read.total-barrier-delay = 0, 0
L1-D.next_read.total-delay = 0, 0
L1-D.prefetches = 0, 0
L1-D.qbs-query-latency = 0, 0
L1-D.snoop-latency = 0, 0
L1-D.store-misses = 95, 54
L1-D.store-misses-E = 1, 0
L1-D.store-misses-I = 15, 6
L1-D.store-misses-M = 0, 0
L1-D.store-misses-O = 0, 0
L1-D.store-misses-S = 79, 48
L1-D.store-misses-u = 0, 0
L1-D.store-overlapping-misses = 132, 101
L1-D.stores = 12094, 9620
L1-D.stores-E = 1, 0
L1-D.stores-I = 15, 6
L1-D.stores-M = 11999, 9566
L1-D.stores-O = 0, 0
L1-D.stores-prefetch = 0, 0
L1-D.stores-S = 79, 48
L1-D.stores-u = 0, 0
L1-D.stores-where-cache-remote = 0, 0
L1-D.stores-where-dram = 0, 0
L1-D.stores-where-dram-cache = 0, 0
L1-D.stores-where-dram-local = 0, 0
L1-D.stores-where-dram-remote = 0, 0
L1-D.stores-where-L1 = 11999, 9566
L1-D.stores-where-L1_S = 0, 0
L1-D.stores-where-L1I = 0, 0
L1-D.stores-where-L2 = 12, 6
L1-D.stores-where-L2_S = 0, 0
L1-D.stores-where-L3 = 3, 0
L1-D.stores-where-L3_S = 80, 48
L1-D.stores-where-L4 = 0, 0
L1-D.stores-where-L4_S = 0, 0
L1-D.stores-where-miss = 0, 0
L1-D.stores-where-nuca-cache = 0, 0
L1-D.stores-where-predicate-false = 0, 0
L1-D.stores-where-prefetch-no-mapping = 0, 0
L1-D.stores-where-unknown = 0, 0
L1-D.total-latency = 8892747519, 4968501700
L1-I.access-mru-0 = 7514, 5953
L1-I.access-mru-1 = 53, 25
L1-I.access-mru-2 = 8, 1
L1-I.access-mru-3 = 2, 1
L1-I.backinval-E = 8, 1
L1-I.backinval-I = 0, 0
L1-I.backinval-M = 0, 0
L1-I.backinval-O = 0, 0
L1-I.backinval-S = 21, 6
L1-I.backinval-u = 0, 0
L1-I.coherency-downgrades = 25, 32
L1-I.coherency-invalidates = 0, 0
L1-I.coherency-upgrades = 0, 0
L1-I.coherency-writebacks = 0, 0
L1-I.evict-E = 5, 0
L1-I.evict-I = 0, 0
L1-I.evict-M = 0, 0
L1-I.evict-O = 0, 0
L1-I.evict-prefetch = 0, 0
L1-I.evict-S = 2, 2
L1-I.evict-u = 0, 0
L1-I.evict-warmup = 0, 0
L1-I.hits-prefetch = 0, 0
L1-I.hits-warmup = 0, 0
L1-I.invalidate-prefetch = 0, 0
L1-I.invalidate-warmup = 0, 0
L1-I.load-misses = 89, 25
L1-I.load-misses-E = 0, 0
L1-I.load-misses-I = 89, 25
L1-I.load-misses-M = 0, 0
L1-I.load-misses-O = 0, 0
L1-I.load-misses-S = 0, 0
L1-I.load-misses-u = 0, 0
L1-I.load-overlapping-misses = 0, 0
L1-I.loads = 7666, 6005
L1-I.loads-E = 1866, 4861
L1-I.loads-I = 89, 25
L1-I.loads-M = 0, 0
L1-I.loads-O = 0, 0
L1-I.loads-prefetch = 0, 0
L1-I.loads-S = 5711, 1119
L1-I.loads-u = 0, 0
L1-I.loads-where-cache-remote = 0, 0
L1-I.loads-where-dram = 0, 0
L1-I.loads-where-dram-cache = 0, 0
L1-I.loads-where-dram-local = 33, 0
L1-I.loads-where-dram-remote = 0, 0
L1-I.loads-where-L1 = 0, 0
L1-I.loads-where-L1_S = 0, 0
L1-I.loads-where-L1I = 7577, 5980
L1-I.loads-where-L2 = 1, 0
L1-I.loads-where-L2_S = 0, 0
L1-I.loads-where-L3 = 55, 25
L1-I.loads-where-L3_S = 0, 0
L1-I.loads-where-L4 = 0, 0
L1-I.loads-where-L4_S = 0, 0
L1-I.loads-where-miss = 0, 0
L1-I.loads-where-nuca-cache = 0, 0
L1-I.loads-where-predicate-false = 0, 0
L1-I.loads-where-prefetch-no-mapping = 0, 0
L1-I.loads-where-unknown = 0, 0
L1-I.mshr-latency = 0, 0
L1-I.next_read.no-free-slots = 0, 0
L1-I.next_read.num-barriers = 0, 0
L1-I.next_read.num-requests = 0, 0
L1-I.next_read.requests-out-of-order = 0, 0
L1-I.next_read.requests-simultaneous = 0, 0
L1-I.next_read.total-barrier-delay = 0, 0
L1-I.next_read.total-delay = 0, 0
L1-I.prefetches = 0, 0
L1-I.qbs-query-latency = 0, 0
L1-I.snoop-latency = 0, 0
L1-I.store-misses = 0, 0
L1-I.store-misses-E = 0, 0
L1-I.store-misses-I = 0, 0
L1-I.store-misses-M = 0, 0
L1-I.store-misses-O = 0, 0
L1-I.store-misses-S = 0, 0
L1-I.store-misses-u = 0, 0
L1-I.store-overlapping-misses = 0, 0
L1-I.stores = 0, 0
L1-I.stores-E = 0, 0
L1-I.stores-I = 0, 0
L1-I.stores-M = 0, 0
L1-I.stores-O = 0, 0
L1-I.stores-prefetch = 0, 0
L1-I.stores-S = 0, 0
L1-I.stores-u = 0, 0
L1-I.stores-where-cache-remote = 0, 0
L1-I.stores-where-dram = 0, 0
L1-I.stores-where-dram-cache = 0, 0
L1-I.stores-where-dram-local = 0, 0
L1-I.stores-where-dram-remote = 0, 0
L1-I.stores-where-L1 = 0, 0
L1-I.stores-where-L1_S = 0, 0
L1-I.stores-where-L1I = 0, 0
L1-I.stores-where-L2 = 0, 0
L1-I.stores-where-L2_S = 0, 0
L1-I.stores-where-L3 = 0, 0
L1-I.stores-where-L3_S = 0, 0
L1-I.stores-where-L4 = 0, 0
L1-I.stores-where-L4_S = 0, 0
L1-I.stores-where-miss = 0, 0
L1-I.stores-where-nuca-cache = 0, 0
L1-I.stores-where-predicate-false = 0, 0
L1-I.stores-where-prefetch-no-mapping = 0, 0
L1-I.stores-where-unknown = 0, 0
L1-I.total-latency = 2809762793, 319548150
l1misslat = 8540510.91744
L2.access-mru-0 = 62, 57
L2.access-mru-1 = 170, 175
L2.access-mru-2 = 187, 135
L2.access-mru-3 = 167, 89
L2.access-mru-4 = 77, 65
L2.access-mru-5 = 34, 36
L2.access-mru-6 = 26, 16
L2.access-mru-7 = 22, 5
L2.backinval-E = 0, 0
L2.backinval-I = 0, 0
L2.backinval-M = 0, 0
L2.backinval-O = 0, 0
L2.backinval-S = 0, 0
L2.backinval-u = 0, 0
L2.coherency-downgrades = 72, 72
L2.coherency-invalidates = 0, 0
L2.coherency-upgrades = 0, 0
L2.coherency-writebacks = 48, 80
L2.evict-E = 18, 2
L2.evict-I = 0, 0
L2.evict-M = 75, 0
L2.evict-O = 0, 0
L2.evict-prefetch = 0, 0
L2.evict-S = 45, 8
L2.evict-u = 0, 0
L2.evict-warmup = 0, 0
L2.hits-prefetch = 0, 0
L2.hits-warmup = 0, 0
L2.invalidate-prefetch = 0, 0
L2.invalidate-warmup = 0, 0
L2.load-misses = 206, 77
L2.load-misses-E = 0, 0
L2.load-misses-I = 206, 77
L2.load-misses-M = 0, 0
L2.load-misses-O = 0, 0
L2.load-misses-S = 0, 0
L2.load-misses-u = 0, 0
L2.load-overlapping-misses = 0, 0
L2.loads = 939, 649
L2.loads-E = 9, 0
L2.loads-I = 206, 77
L2.loads-M = 579, 478
L2.loads-O = 0, 0
L2.loads-prefetch = 0, 0
L2.loads-S = 145, 94
L2.loads-u = 0, 0
L2.mshr-latency = 0, 0
L2.next_read.no-free-slots = 0, 0
L2.next_read.num-barriers = 0, 0
L2.next_read.num-requests = 0, 0
L2.next_read.requests-out-of-order = 0, 0
L2.next_read.requests-simultaneous = 0, 0
L2.next_read.total-barrier-delay = 0, 0
L2.next_read.total-delay = 0, 0
L2.prefetches = 0, 0
L2.qbs-query-latency = 0, 0
L2.snoop-latency = 0, 0
L2.store-misses = 83, 48
L2.store-misses-E = 1, 0
L2.store-misses-I = 2, 0
L2.store-misses-M = 0, 0
L2.store-misses-O = 0, 0
L2.store-misses-S = 80, 48
L2.store-misses-u = 0, 0
L2.store-overlapping-misses = 0, 0
L2.stores = 95, 54
L2.stores-E = 1, 0
L2.stores-I = 2, 0
L2.stores-M = 12, 6
L2.stores-O = 0, 0
L2.stores-prefetch = 0, 0
L2.stores-S = 80, 48
L2.stores-u = 0, 0
L2.total-latency = 0, 0
L3.access-mru-0 = 274, 0
L3.access-mru-1 = 60, 0
L3.access-mru-10 = 0, 0
L3.access-mru-11 = 0, 0
L3.access-mru-12 = 0, 0
L3.access-mru-13 = 0, 0
L3.access-mru-14 = 0, 0
L3.access-mru-15 = 0, 0
L3.access-mru-2 = 8, 0
L3.access-mru-3 = 1, 0
L3.access-mru-4 = 0, 0
L3.access-mru-5 = 0, 0
L3.access-mru-6 = 0, 0
L3.access-mru-7 = 0, 0
L3.access-mru-8 = 0, 0
L3.access-mru-9 = 0, 0
L3.backinval-E = 0, 0
L3.backinval-I = 0, 0
L3.backinval-M = 0, 0
L3.backinval-O = 0, 0
L3.backinval-S = 0, 0
L3.backinval-u = 0, 0
L3.coherency-downgrades = 0, 0
L3.coherency-invalidates = 0, 0
L3.coherency-upgrades = 0, 0
L3.coherency-writebacks = 0, 0
L3.evict-E = 0, 0
L3.evict-I = 0, 0
L3.evict-M = 0, 0
L3.evict-O = 0, 0
L3.evict-prefetch = 0, 0
L3.evict-S = 0, 0
L3.evict-u = 0, 0
L3.evict-warmup = 0, 0
L3.hits-prefetch = 0, 0
L3.hits-warmup = 0, 0
L3.invalidate-prefetch = 0, 0
L3.invalidate-warmup = 0, 0
L3.load-misses = 68, 2
L3.load-misses-E = 0, 0
L3.load-misses-I = 68, 2
L3.load-misses-M = 0, 0
L3.load-misses-O = 0, 0
L3.load-misses-S = 0, 0
L3.load-misses-u = 0, 0
L3.load-overlapping-misses = 0, 0
L3.loads = 206, 77
L3.loads-E = 106, 33
L3.loads-I = 68, 2
L3.loads-M = 32, 42
L3.loads-O = 0, 0
L3.loads-prefetch = 0, 0
L3.loads-S = 0, 0
L3.loads-u = 0, 0
L3.mshr-latency = 0, 0
L3.next_read.no-free-slots = 0, 0
L3.next_read.num-barriers = 0, 0
L3.next_read.num-requests = 0, 0
L3.next_read.requests-out-of-order = 0, 0
L3.next_read.requests-simultaneous = 0, 0
L3.next_read.total-barrier-delay = 0, 0
L3.next_read.total-delay = 0, 0
L3.prefetches = 0, 0
L3.qbs-query-latency = 0, 0
L3.snoop-latency = 1992476700, 1635334650
L3.store-misses = 1, 0
L3.store-misses-E = 1, 0
L3.store-misses-I = 0, 0
L3.store-misses-M = 0, 0
L3.store-misses-O = 0, 0
L3.store-misses-S = 0, 0
L3.store-misses-u = 0, 0
L3.store-overlapping-misses = 0, 0
L3.stores = 83, 48
L3.stores-E = 1, 0
L3.stores-I = 0, 0
L3.stores-M = 82, 48
L3.stores-O = 0, 0
L3.stores-prefetch = 0, 0
L3.stores-S = 0, 0
L3.stores-u = 0, 0
L3.total-latency = 0, 0
L3.uncore-requests = 68, 2
L3.uncore-time-dram = 0, 0
L3.uncore-time-dram-bus = 573190768, 16858552
L3.uncore-time-dram-cache = 0, 0
L3.uncore-time-dram-cache-bus = 0, 0
L3.uncore-time-dram-cache-data = 0, 0
L3.uncore-time-dram-cache-queue = 0, 0
L3.uncore-time-dram-cache-tags = 0, 0
L3.uncore-time-dram-device = 3060000000, 90000000
L3.uncore-time-dram-queue = 125352535, 0
L3.uncore-time-inv-imbalance = 0, 0
L3.uncore-time-noc-base = 0, 0
L3.uncore-time-noc-queue = 0, 0
L3.uncore-time-nuca-bus = 0, 0
L3.uncore-time-nuca-data = 0, 0
L3.uncore-time-nuca-queue = 0, 0
L3.uncore-time-nuca-tags = 0, 0
L3.uncore-time-pending-hit = 0, 0
L3.uncore-time-remote-cache-fwd = 0, 0
L3.uncore-time-remote-cache-inv = 0, 0
L3.uncore-time-remote-cache-wb = 0, 0
L3.uncore-time-td-access = 255638520, 7518780
L3.uncore-time-unknown = 0, 0
L3.uncore-totaltime = 4014181823, 114377332
ncores = 2
network.shmem-1.bus.num-bytes = 0, 0
network.shmem-1.bus.num-packets = 0, 0
network.shmem-1.bus.num-packets-delayed = 0, 0
network.shmem-1.bus.time-used = 0, 0
network.shmem-1.bus.total-delay = 0, 0
performance_model.cpiDTLBMiss = 0, 0
performance_model.cpiFastforwardTime = 0, 0
performance_model.cpiITLBMiss = 0, 0
performance_model.cpiRecv = 0, 0
performance_model.cpiStartTime = 0, 0
performance_model.cpiSyncDvfsTransition = 0, 0
performance_model.cpiSyncFutex = 2162407908, 8654496239
performance_model.cpiSyncJoin = 0, 0
performance_model.cpiSyncMemAccess = 0, 0
performance_model.cpiSyncPause = 0, 0
performance_model.cpiSyncPthreadBarrier = 0, 0
performance_model.cpiSyncPthreadCond = 0, 0
performance_model.cpiSyncPthreadMutex = 0, 0
performance_model.cpiSyncSleep = 0, 0
performance_model.cpiSyncSyscall = 0, 0
performance_model.cpiSyncUnscheduled = 0, 0
performance_model.cpiUnknown = 0, 0
performance_model.cycle_count = 63574.0, 63574.0
performance_model.dyninsn_cost = 0, 0
performance_model.dyninsn_count = 0, 0
performance_model.dyninsn_zero_count = 0, 0
performance_model.elapsed_time = 23900000000, 23900000000
performance_model.elapsed_time_begin = 18128600281079, 18128514569247
performance_model.elapsed_time_end = 18152428805435, 18152345722916
performance_model.idle_elapsed_time = 2233883552, 8723342570
performance_model.instruction_count = 65052, 50587
performance_model.nonidle_elapsed_time = 21666116448, 15176657430
pthread.pthread_barrier_wait_count = 0, 0
pthread.pthread_barrier_wait_delay_mem = 0, 0
pthread.pthread_barrier_wait_delay_sync = 0, 0
pthread.pthread_cond_broadcast_count = 0, 0
pthread.pthread_cond_broadcast_delay_mem = 0, 0
pthread.pthread_cond_broadcast_delay_sync = 0, 0
pthread.pthread_cond_signal_count = 0, 0
pthread.pthread_cond_signal_delay_mem = 0, 0
pthread.pthread_cond_signal_delay_sync = 0, 0
pthread.pthread_cond_wait_count = 0, 0
pthread.pthread_cond_wait_delay_mem = 0, 0
pthread.pthread_cond_wait_delay_sync = 0, 0
pthread.pthread_mutex_lock_contended = 0, 0
pthread.pthread_mutex_lock_count = 0, 0
pthread.pthread_mutex_lock_delay_mem = 0, 0
pthread.pthread_mutex_lock_delay_sync = 0, 0
pthread.pthread_mutex_trylock_count = 0, 0
pthread.pthread_mutex_trylock_delay_mem = 0, 0
pthread.pthread_mutex_trylock_delay_sync = 0, 0
pthread.pthread_mutex_unlock_contended = 0, 0
pthread.pthread_mutex_unlock_count = 0, 0
pthread.pthread_mutex_unlock_delay_mem = 0, 0
pthread.pthread_mutex_unlock_delay_sync = 0, 0
pthread_locks_contended = 0.0
rob_timer.cpiBase = 2247363342, 1713529962
rob_timer.cpiBranchPredictor = 1281951990, 1100749392
rob_timer.cpiDataCachecache-remote = 0, 0
rob_timer.cpiDataCachedram = 0, 0
rob_timer.cpiDataCachedram-cache = 0, 0
rob_timer.cpiDataCachedram-local = 1843980795, 83082519
rob_timer.cpiDataCachedram-remote = 0, 0
rob_timer.cpiDataCacheL1 = 2642851170, 2034581868
rob_timer.cpiDataCacheL1_S = 0, 0
rob_timer.cpiDataCacheL1I = 0, 0
rob_timer.cpiDataCacheL2 = 164285343, 99623835
rob_timer.cpiDataCacheL2_S = 0, 0
rob_timer.cpiDataCacheL3 = 339848856, 78947190
rob_timer.cpiDataCacheL3_S = 494359785, 675186444
rob_timer.cpiDataCacheL4 = 0, 0
rob_timer.cpiDataCacheL4_S = 0, 0
rob_timer.cpiDataCachemiss = 0, 0
rob_timer.cpiDataCachenuca-cache = 0, 0
rob_timer.cpiDataCachepredicate-false = 0, 0
rob_timer.cpiDataCacheprefetch-no-mapping = 0, 0
rob_timer.cpiDataCacheunknown = 10150353, 6015024
rob_timer.cpiInstructionCachecache-remote = 0, 0
rob_timer.cpiInstructionCachedram = 0, 0
rob_timer.cpiInstructionCachedram-cache = 0, 0
rob_timer.cpiInstructionCachedram-local = 1567665630, 0
rob_timer.cpiInstructionCachedram-remote = 0, 0
rob_timer.cpiInstructionCacheL1 = 0, 0
rob_timer.cpiInstructionCacheL1_S = 0, 0
rob_timer.cpiInstructionCacheL1I = 0, 0
rob_timer.cpiInstructionCacheL2 = 0, 0
rob_timer.cpiInstructionCacheL2_S = 0, 0
rob_timer.cpiInstructionCacheL3 = 379322451, 150751539
rob_timer.cpiInstructionCacheL3_S = 0, 0
rob_timer.cpiInstructionCacheL4 = 0, 0
rob_timer.cpiInstructionCacheL4_S = 0, 0
rob_timer.cpiInstructionCachemiss = 0, 0
rob_timer.cpiInstructionCachenuca-cache = 0, 0
rob_timer.cpiInstructionCachepredicate-false = 0, 0
rob_timer.cpiInstructionCacheprefetch-no-mapping = 0, 0
rob_timer.cpiInstructionCacheunknown = 0, 0
rob_timer.cpiRSFull = 10621404567, 9213888951
rob_timer.cpiSerialization = 72932166, 20300706
rob_timer.load_queue.no-free-slots = 0, 0
rob_timer.load_queue.num-barriers = 0, 0
rob_timer.load_queue.num-requests = 22825, 18201
rob_timer.load_queue.requests-out-of-order = 0, 0
rob_timer.load_queue.requests-simultaneous = 0, 0
rob_timer.load_queue.total-barrier-delay = 0, 0
rob_timer.load_queue.total-delay = 0, 0
rob_timer.loads-count = 22834, 18201
rob_timer.loads-latency = 56456263386, 41716823013
rob_timer.numMfenceInsns = 0, 0
rob_timer.numSerializationInsns = 0, 0
rob_timer.outstandingLongLatencyCycles = 3023677377, 1225561140
rob_timer.outstandingLongLatencyInsns = 3988336851, 1571425020
rob_timer.producerInsDistance[0] = 6607, 5369
rob_timer.producerInsDistance[100] = 1, 0
rob_timer.producerInsDistance[101] = 1, 0
rob_timer.producerInsDistance[102] = 1, 0
rob_timer.producerInsDistance[103] = 14, 23
rob_timer.producerInsDistance[104] = 0, 0
rob_timer.producerInsDistance[105] = 0, 0
rob_timer.producerInsDistance[106] = 0, 0
rob_timer.producerInsDistance[107] = 0, 0
rob_timer.producerInsDistance[108] = 11, 18
rob_timer.producerInsDistance[109] = 0, 0
rob_timer.producerInsDistance[10] = 2186, 1745
rob_timer.producerInsDistance[110] = 0, 0
rob_timer.producerInsDistance[111] = 8, 10
rob_timer.producerInsDistance[112] = 0, 0
rob_timer.producerInsDistance[113] = 0, 0
rob_timer.producerInsDistance[114] = 0, 2
rob_timer.producerInsDistance[115] = 0, 0
rob_timer.producerInsDistance[116] = 0, 1
rob_timer.producerInsDistance[117] = 0, 0
rob_timer.producerInsDistance[118] = 0, 0
rob_timer.producerInsDistance[119] = 0, 0
rob_timer.producerInsDistance[11] = 968, 824
rob_timer.producerInsDistance[120] = 0, 0
rob_timer.producerInsDistance[121] = 0, 0
rob_timer.producerInsDistance[122] = 0, 0
rob_timer.producerInsDistance[123] = 0, 0
rob_timer.producerInsDistance[124] = 0, 0
rob_timer.producerInsDistance[125] = 0, 0
rob_timer.producerInsDistance[126] = 0, 0
rob_timer.producerInsDistance[127] = 0, 0
rob_timer.producerInsDistance[12] = 369, 260
rob_timer.producerInsDistance[13] = 408, 277
rob_timer.producerInsDistance[14] = 452, 348
rob_timer.producerInsDistance[15] = 999, 839
rob_timer.producerInsDistance[16] = 96, 44
rob_timer.producerInsDistance[17] = 512, 379
rob_timer.producerInsDistance[18] = 444, 292
rob_timer.producerInsDistance[19] = 579, 405
rob_timer.producerInsDistance[1] = 25693, 20633
rob_timer.producerInsDistance[20] = 430, 336
rob_timer.producerInsDistance[21] = 602, 427
rob_timer.producerInsDistance[22] = 1064, 863
rob_timer.producerInsDistance[23] = 34, 8
rob_timer.producerInsDistance[24] = 1696, 1290
rob_timer.producerInsDistance[25] = 589, 431
rob_timer.producerInsDistance[26] = 870, 673
rob_timer.producerInsDistance[27] = 312, 245
rob_timer.producerInsDistance[28] = 137, 134
rob_timer.producerInsDistance[29] = 454, 347
rob_timer.producerInsDistance[2] = 3873, 3039
rob_timer.producerInsDistance[30] = 47, 41
rob_timer.producerInsDistance[31] = 61, 43
rob_timer.producerInsDistance[32] = 211, 152
rob_timer.producerInsDistance[33] = 458, 336
rob_timer.producerInsDistance[34] = 31, 12
rob_timer.producerInsDistance[35] = 130, 166
rob_timer.producerInsDistance[36] = 228, 248
rob_timer.producerInsDistance[37] = 35, 11
rob_timer.producerInsDistance[38] = 109, 72
rob_timer.producerInsDistance[39] = 69, 83
rob_timer.producerInsDistance[3] = 7092, 5547
rob_timer.producerInsDistance[40] = 11, 4
rob_timer.producerInsDistance[41] = 83, 47
rob_timer.producerInsDistance[42] = 100, 74
rob_timer.producerInsDistance[43] = 337, 236
rob_timer.producerInsDistance[44] = 96, 52
rob_timer.producerInsDistance[45] = 415, 292
rob_timer.producerInsDistance[46] = 2, 3
rob_timer.producerInsDistance[47] = 36, 48
rob_timer.producerInsDistance[48] = 13, 16
rob_timer.producerInsDistance[49] = 244, 188
rob_timer.producerInsDistance[4] = 3746, 2671
rob_timer.producerInsDistance[50] = 20, 19
rob_timer.producerInsDistance[51] = 32, 40
rob_timer.producerInsDistance[52] = 96, 89
rob_timer.producerInsDistance[53] = 84, 59
rob_timer.producerInsDistance[54] = 34, 38
rob_timer.producerInsDistance[55] = 625, 454
rob_timer.producerInsDistance[56] = 46, 62
rob_timer.producerInsDistance[57] = 15, 10
rob_timer.producerInsDistance[58] = 39, 39
rob_timer.producerInsDistance[59] = 3, 0
rob_timer.producerInsDistance[5] = 2876, 2166
rob_timer.producerInsDistance[60] = 5, 0
rob_timer.producerInsDistance[61] = 11, 13
rob_timer.producerInsDistance[62] = 8, 1
rob_timer.producerInsDistance[63] = 15, 22
rob_timer.producerInsDistance[64] = 6, 3
rob_timer.producerInsDistance[65] = 2, 4
rob_timer.producerInsDistance[66] = 1, 1
rob_timer.producerInsDistance[67] = 4, 5
rob_timer.producerInsDistance[68] = 375, 504
rob_timer.producerInsDistance[69] = 128, 159
rob_timer.producerInsDistance[6] = 2549, 1799
rob_timer.producerInsDistance[70] = 0, 0
rob_timer.producerInsDistance[71] = 1, 1
rob_timer.producerInsDistance[72] = 1, 0
rob_timer.producerInsDistance[73] = 0, 0
rob_timer.producerInsDistance[74] = 0, 0
rob_timer.producerInsDistance[75] = 1, 1
rob_timer.producerInsDistance[76] = 317, 221
rob_timer.producerInsDistance[77] = 20, 28
rob_timer.producerInsDistance[78] = 312, 220
rob_timer.producerInsDistance[79] = 24, 0
rob_timer.producerInsDistance[7] = 1985, 1548
rob_timer.producerInsDistance[80] = 13, 25
rob_timer.producerInsDistance[81] = 13, 24
rob_timer.producerInsDistance[82] = 0, 0
rob_timer.producerInsDistance[83] = 0, 0
rob_timer.producerInsDistance[84] = 14, 25
rob_timer.producerInsDistance[85] = 0, 0
rob_timer.producerInsDistance[86] = 0, 0
rob_timer.producerInsDistance[87] = 0, 0
rob_timer.producerInsDistance[88] = 1, 1
rob_timer.producerInsDistance[89] = 0, 0
rob_timer.producerInsDistance[8] = 1080, 661
rob_timer.producerInsDistance[90] = 0, 0
rob_timer.producerInsDistance[91] = 0, 1
rob_timer.producerInsDistance[92] = 1, 1
rob_timer.producerInsDistance[93] = 1, 0
rob_timer.producerInsDistance[94] = 0, 0
rob_timer.producerInsDistance[95] = 1, 1
rob_timer.producerInsDistance[96] = 1, 0
rob_timer.producerInsDistance[97] = 0, 0
rob_timer.producerInsDistance[98] = 0, 0
rob_timer.producerInsDistance[99] = 0, 0
rob_timer.producerInsDistance[9] = 1444, 1186
rob_timer.store_queue.no-free-slots = 0, 0
rob_timer.store_queue.num-barriers = 0, 0
rob_timer.store_queue.num-requests = 12094, 9620
rob_timer.store_queue.requests-out-of-order = 0, 0
rob_timer.store_queue.requests-simultaneous = 0, 0
rob_timer.store_queue.total-barrier-delay = 0, 0
rob_timer.store_queue.total-delay = 0, 0
rob_timer.stores-count = 12094, 9620
rob_timer.stores-latency = 26804074761, 20895817437
rob_timer.time_skipped = 2124807228, 259773849
rob_timer.totalConsumers = 75156, 59035
rob_timer.totalHiddenDCacheLatency = 0, 0
rob_timer.totalMfenceLatency = 0, 0
rob_timer.totalProducerInsDistance = 635564, 511797
rob_timer.totalSerializationLatency = 0, 0
rob_timer.uop_branch = 8012, 5987
rob_timer.uop_fp_addsub = 7542, 6425
rob_timer.uop_fp_muldiv = 6455, 5456
rob_timer.uop_generic = 18229, 13352
rob_timer.uop_load = 22827, 18207
rob_timer.uop_store = 12091, 9608
rob_timer.uops_pause = 0, 0
rob_timer.uops_total = 75156, 59035
rob_timer.uops_x87 = 0, 0
stlb.access = 43, 21
stlb.miss = 11, 9
stlb_cache.access-mru-0 = 19, 4
stlb_cache.access-mru-1 = 8, 8
stlb_cache.access-mru-2 = 2, 0
stlb_cache.access-mru-3 = 3, 0
syscall.stderr-bytes = 0, 0
syscall.stdout-bytes = 0, 0
thread.bottle_contrib_time = 3534017959, 682706354, 11146918841, 8565162279
thread.bottle_runtime_time = 6105629819, 1519547698, 20142341047, 16134083949
thread.elapsed_time = 23900000000, 22600000000, 20100000000, 22800000000
thread.instruction_count = 1602, 295, 63713, 50225
thread.instructions_by_core[0] = 1602, 0, 63713
thread.instructions_by_core[1] = 0, 295, 0, 50225
thread.nonidle_cycle_count = 4292, 1149, 53512, 38876
thread.nonidle_elapsed_time = 1613906127, 432329850, 20117623707, 14615380503
thread.time_by_core[0] = 1613906127, 0, 20117623707
thread.time_by_core[1] = 0, 432329850, 0, 14615380503
thread.unscheduled_time = 21304748955, 21175799618, 0, 8174043937
thread.waiting_cost = 781131770, 2686697209, 0, 2455941032
time.walltime = 1105428, 0
vmem = 629534720
walltime = 79.5827310085
